#-----------------------------------------------------------
# Vivado v2020.2 (64-bit)
# SW Build 3064766 on Wed Nov 18 09:12:45 MST 2020
# IP Build 3064653 on Wed Nov 18 14:17:31 MST 2020
# Start of session at: Tue Mar  2 18:46:33 2021
# Process ID: 3756
# Current directory: C:/Users/china/Documents/GitHub/ECE4304_SPRING_2021_GROUP_E/Lab4_03_Mar_2021/Lab4_03_Mar_2021
# Command line: vivado.exe -gui_launcher_event rodinguilauncherevent19508 C:\Users\china\Documents\GitHub\ECE4304_SPRING_2021_GROUP_E\Lab4_03_Mar_2021\Lab4_03_Mar_2021\Lab4_03_Mar_2021.xpr
# Log file: C:/Users/china/Documents/GitHub/ECE4304_SPRING_2021_GROUP_E/Lab4_03_Mar_2021/Lab4_03_Mar_2021/vivado.log
# Journal file: C:/Users/china/Documents/GitHub/ECE4304_SPRING_2021_GROUP_E/Lab4_03_Mar_2021/Lab4_03_Mar_2021\vivado.jou
#-----------------------------------------------------------
start_gui
open_project C:/Users/china/Documents/GitHub/ECE4304_SPRING_2021_GROUP_E/Lab4_03_Mar_2021/Lab4_03_Mar_2021/Lab4_03_Mar_2021.xpr
INFO: [ProjectBase 1-489] The host OS only allows 260 characters in a normal path. The project is stored in a path with more than 80 characters. If you experience issues with IP, Block Designs, or files not being found, please consider moving the project to a location with a shorter path. Alternately consider using the OS subst command to map part of the path to a drive letter.
Current project path is 'C:/Users/china/Documents/GitHub/ECE4304_SPRING_2021_GROUP_E/Lab4_03_Mar_2021/Lab4_03_Mar_2021'
CRITICAL WARNING: [Project 1-19] Could not find the file 'C:/Users/china/Documents/ECE 4304/lab4/lab4.srcs/sim_1/new/bcd_counter_tb.vhd'.
Scanning sources...
Finished scanning sources
INFO: [IP_Flow 19-234] Refreshing IP repositories
INFO: [IP_Flow 19-1704] No user IP repositories specified
INFO: [IP_Flow 19-2313] Loaded Vivado IP repository 'E:/Vivado/2020.2/data/ip'.
open_project: Time (s): cpu = 00:00:15 ; elapsed = 00:00:19 . Memory (MB): peak = 995.000 ; gain = 0.000
update_compile_order -fileset sources_1
launch_simulation
Command: launch_simulation 
INFO: [Vivado 12-5682] Launching behavioral simulation in 'C:/Users/china/Documents/GitHub/ECE4304_SPRING_2021_GROUP_E/Lab4_03_Mar_2021/Lab4_03_Mar_2021/Lab4_03_Mar_2021.sim/sim_1/behav/xsim'
INFO: [SIM-utils-51] Simulation object is 'sim_1'
INFO: [SIM-utils-54] Inspecting design source files for 'bcd_tb' in fileset 'sim_1'...
INFO: [USF-XSim-97] Finding global include files...
INFO: [USF-XSim-98] Fetching design files from 'sim_1'...
INFO: [USF-XSim-2] XSim::Compile design
INFO: [USF-XSim-61] Executing 'COMPILE and ANALYZE' step in 'C:/Users/china/Documents/GitHub/ECE4304_SPRING_2021_GROUP_E/Lab4_03_Mar_2021/Lab4_03_Mar_2021/Lab4_03_Mar_2021.sim/sim_1/behav/xsim'
"xvhdl --incr --relax -prj bcd_tb_vhdl.prj"
INFO: [VRFC 10-163] Analyzing VHDL file "C:/Users/china/Documents/GitHub/ECE4304_SPRING_2021_GROUP_E/Lab4_03_Mar_2021/Lab4_03_Mar_2021/Lab4_03_Mar_2021.srcs/sources_1/new/bcd_counter.vhd" into library xil_defaultlib
INFO: [VRFC 10-3107] analyzing entity 'bcd_counter'
INFO: [VRFC 10-163] Analyzing VHDL file "C:/Users/china/Documents/GitHub/ECE4304_SPRING_2021_GROUP_E/Lab4_03_Mar_2021/Lab4_03_Mar_2021/Lab4_03_Mar_2021.srcs/sim_1/new/bcd_couter_tb.vhd" into library xil_defaultlib
INFO: [VRFC 10-3107] analyzing entity 'bcd_tb'
INFO: [USF-XSim-69] 'compile' step finished in '3' seconds
INFO: [USF-XSim-3] XSim::Elaborate design
INFO: [USF-XSim-61] Executing 'ELABORATE' step in 'C:/Users/china/Documents/GitHub/ECE4304_SPRING_2021_GROUP_E/Lab4_03_Mar_2021/Lab4_03_Mar_2021/Lab4_03_Mar_2021.sim/sim_1/behav/xsim'
"xelab -wto 37fb167552e34975b68b18bfdc2cd5bb --incr --debug typical --relax --mt 2 -L xil_defaultlib -L secureip --snapshot bcd_tb_behav xil_defaultlib.bcd_tb -log elaborate.log"
Vivado Simulator 2020.2
Copyright 1986-1999, 2001-2020 Xilinx, Inc. All Rights Reserved.
Running: E:/Vivado/2020.2/bin/unwrapped/win64.o/xelab.exe -wto 37fb167552e34975b68b18bfdc2cd5bb --incr --debug typical --relax --mt 2 -L xil_defaultlib -L secureip --snapshot bcd_tb_behav xil_defaultlib.bcd_tb -log elaborate.log 
Using 2 slave threads.
Starting static elaboration
ERROR: [VRFC 10-3353] formal port 'bcd_roi' has no actual or default value [C:/Users/china/Documents/GitHub/ECE4304_SPRING_2021_GROUP_E/Lab4_03_Mar_2021/Lab4_03_Mar_2021/Lab4_03_Mar_2021.srcs/sources_1/new/bcd_counter.vhd:39]
ERROR: [XSIM 43-3321] Static elaboration of top level VHDL design unit bcd_tb in library work failed.
INFO: [USF-XSim-69] 'elaborate' step finished in '3' seconds
INFO: [USF-XSim-99] Step results log file:'C:/Users/china/Documents/GitHub/ECE4304_SPRING_2021_GROUP_E/Lab4_03_Mar_2021/Lab4_03_Mar_2021/Lab4_03_Mar_2021.sim/sim_1/behav/xsim/elaborate.log'
ERROR: [USF-XSim-62] 'elaborate' step failed with error(s). Please check the Tcl console output or 'C:/Users/china/Documents/GitHub/ECE4304_SPRING_2021_GROUP_E/Lab4_03_Mar_2021/Lab4_03_Mar_2021/Lab4_03_Mar_2021.sim/sim_1/behav/xsim/elaborate.log' file for more information.
ERROR: [Vivado 12-4473] Detected error while running simulation. Please correct the issue and retry this operation.
launch_simulation: Time (s): cpu = 00:00:02 ; elapsed = 00:00:07 . Memory (MB): peak = 995.000 ; gain = 0.000
ERROR: [Common 17-39] 'launch_simulation' failed due to earlier errors.
launch_simulation
Command: launch_simulation 
INFO: [Vivado 12-5682] Launching behavioral simulation in 'C:/Users/china/Documents/GitHub/ECE4304_SPRING_2021_GROUP_E/Lab4_03_Mar_2021/Lab4_03_Mar_2021/Lab4_03_Mar_2021.sim/sim_1/behav/xsim'
INFO: [SIM-utils-51] Simulation object is 'sim_1'
INFO: [SIM-utils-54] Inspecting design source files for 'bcd_tb' in fileset 'sim_1'...
INFO: [USF-XSim-97] Finding global include files...
INFO: [USF-XSim-98] Fetching design files from 'sim_1'...
INFO: [USF-XSim-2] XSim::Compile design
INFO: [USF-XSim-61] Executing 'COMPILE and ANALYZE' step in 'C:/Users/china/Documents/GitHub/ECE4304_SPRING_2021_GROUP_E/Lab4_03_Mar_2021/Lab4_03_Mar_2021/Lab4_03_Mar_2021.sim/sim_1/behav/xsim'
"xvhdl --incr --relax -prj bcd_tb_vhdl.prj"
INFO: [VRFC 10-163] Analyzing VHDL file "C:/Users/china/Documents/GitHub/ECE4304_SPRING_2021_GROUP_E/Lab4_03_Mar_2021/Lab4_03_Mar_2021/Lab4_03_Mar_2021.srcs/sim_1/new/bcd_couter_tb.vhd" into library xil_defaultlib
INFO: [VRFC 10-3107] analyzing entity 'bcd_tb'
INFO: [USF-XSim-69] 'compile' step finished in '1' seconds
INFO: [USF-XSim-3] XSim::Elaborate design
INFO: [USF-XSim-61] Executing 'ELABORATE' step in 'C:/Users/china/Documents/GitHub/ECE4304_SPRING_2021_GROUP_E/Lab4_03_Mar_2021/Lab4_03_Mar_2021/Lab4_03_Mar_2021.sim/sim_1/behav/xsim'
"xelab -wto 37fb167552e34975b68b18bfdc2cd5bb --incr --debug typical --relax --mt 2 -L xil_defaultlib -L secureip --snapshot bcd_tb_behav xil_defaultlib.bcd_tb -log elaborate.log"
Vivado Simulator 2020.2
Copyright 1986-1999, 2001-2020 Xilinx, Inc. All Rights Reserved.
Running: E:/Vivado/2020.2/bin/unwrapped/win64.o/xelab.exe -wto 37fb167552e34975b68b18bfdc2cd5bb --incr --debug typical --relax --mt 2 -L xil_defaultlib -L secureip --snapshot bcd_tb_behav xil_defaultlib.bcd_tb -log elaborate.log 
Using 2 slave threads.
Starting static elaboration
Completed static elaboration
Starting simulation data flow analysis
Completed simulation data flow analysis
Time Resolution for simulation is 1ps
Compiling package std.standard
Compiling package std.textio
Compiling package ieee.std_logic_1164
Compiling package ieee.numeric_std
Compiling package ieee.std_logic_arith
Compiling package ieee.std_logic_unsigned
Compiling architecture behavioral of entity xil_defaultlib.bcd_counter [bcd_counter_default]
Compiling architecture behavioral of entity xil_defaultlib.bcd_tb
Built simulation snapshot bcd_tb_behav
run_program: Time (s): cpu = 00:00:00 ; elapsed = 00:00:06 . Memory (MB): peak = 995.000 ; gain = 0.000
INFO: [USF-XSim-69] 'elaborate' step finished in '7' seconds
INFO: [USF-XSim-4] XSim::Simulate design
INFO: [USF-XSim-61] Executing 'SIMULATE' step in 'C:/Users/china/Documents/GitHub/ECE4304_SPRING_2021_GROUP_E/Lab4_03_Mar_2021/Lab4_03_Mar_2021/Lab4_03_Mar_2021.sim/sim_1/behav/xsim'
INFO: [USF-XSim-98] *** Running xsim
   with args "bcd_tb_behav -key {Behavioral:sim_1:Functional:bcd_tb} -tclbatch {bcd_tb.tcl} -log {simulate.log}"
INFO: [USF-XSim-8] Loading simulator feature
Vivado Simulator 2020.2
Time resolution is 1 ps
source bcd_tb.tcl
# set curr_wave [current_wave_config]
# if { [string length $curr_wave] == 0 } {
#   if { [llength [get_objects]] > 0} {
#     add_wave /
#     set_property needs_save false [current_wave_config]
#   } else {
#      send_msg_id Add_Wave-1 WARNING "No top level signals found. Simulator will start without a wave window. If you want to open a wave window go to 'File->New Waveform Configuration' or type 'create_wave_config' in the TCL console."
#   }
# }
# run 1000ns
xsim: Time (s): cpu = 00:00:05 ; elapsed = 00:00:05 . Memory (MB): peak = 995.000 ; gain = 0.000
INFO: [USF-XSim-96] XSim completed. Design snapshot 'bcd_tb_behav' loaded.
INFO: [USF-XSim-97] XSim simulation ran for 1000ns
launch_simulation: Time (s): cpu = 00:00:06 ; elapsed = 00:00:13 . Memory (MB): peak = 995.000 ; gain = 0.000
relaunch_sim
Command: launch_simulation -simset sim_1 -mode behavioral
INFO: [Vivado 12-5682] Launching behavioral simulation in 'C:/Users/china/Documents/GitHub/ECE4304_SPRING_2021_GROUP_E/Lab4_03_Mar_2021/Lab4_03_Mar_2021/Lab4_03_Mar_2021.sim/sim_1/behav/xsim'
INFO: [SIM-utils-51] Simulation object is 'sim_1'
INFO: [SIM-utils-54] Inspecting design source files for 'bcd_tb' in fileset 'sim_1'...
INFO: [USF-XSim-97] Finding global include files...
INFO: [USF-XSim-98] Fetching design files from 'sim_1'...
INFO: [USF-XSim-2] XSim::Compile design
INFO: [USF-XSim-61] Executing 'COMPILE and ANALYZE' step in 'C:/Users/china/Documents/GitHub/ECE4304_SPRING_2021_GROUP_E/Lab4_03_Mar_2021/Lab4_03_Mar_2021/Lab4_03_Mar_2021.sim/sim_1/behav/xsim'
"xvhdl --incr --relax -prj bcd_tb_vhdl.prj"
INFO: [VRFC 10-163] Analyzing VHDL file "C:/Users/china/Documents/GitHub/ECE4304_SPRING_2021_GROUP_E/Lab4_03_Mar_2021/Lab4_03_Mar_2021/Lab4_03_Mar_2021.srcs/sim_1/new/bcd_couter_tb.vhd" into library xil_defaultlib
INFO: [VRFC 10-3107] analyzing entity 'bcd_tb'
INFO: [USF-XSim-69] 'compile' step finished in '2' seconds
Command: launch_simulation -simset sim_1 -mode behavioral
INFO: [Vivado 12-5682] Launching behavioral simulation in 'C:/Users/china/Documents/GitHub/ECE4304_SPRING_2021_GROUP_E/Lab4_03_Mar_2021/Lab4_03_Mar_2021/Lab4_03_Mar_2021.sim/sim_1/behav/xsim'
INFO: [USF-XSim-3] XSim::Elaborate design
INFO: [USF-XSim-61] Executing 'ELABORATE' step in 'C:/Users/china/Documents/GitHub/ECE4304_SPRING_2021_GROUP_E/Lab4_03_Mar_2021/Lab4_03_Mar_2021/Lab4_03_Mar_2021.sim/sim_1/behav/xsim'
"xelab -wto 37fb167552e34975b68b18bfdc2cd5bb --incr --debug typical --relax --mt 2 -L xil_defaultlib -L secureip --snapshot bcd_tb_behav xil_defaultlib.bcd_tb -log elaborate.log"
Vivado Simulator 2020.2
Copyright 1986-1999, 2001-2020 Xilinx, Inc. All Rights Reserved.
Running: E:/Vivado/2020.2/bin/unwrapped/win64.o/xelab.exe -wto 37fb167552e34975b68b18bfdc2cd5bb --incr --debug typical --relax --mt 2 -L xil_defaultlib -L secureip --snapshot bcd_tb_behav xil_defaultlib.bcd_tb -log elaborate.log 
Using 2 slave threads.
Starting static elaboration
Completed static elaboration
Starting simulation data flow analysis
Completed simulation data flow analysis
Time Resolution for simulation is 1ps
Compiling package std.standard
Compiling package std.textio
Compiling package ieee.std_logic_1164
Compiling package ieee.numeric_std
Compiling package ieee.std_logic_arith
Compiling package ieee.std_logic_unsigned
Compiling architecture behavioral of entity xil_defaultlib.bcd_counter [bcd_counter_default]
Compiling architecture behavioral of entity xil_defaultlib.bcd_tb
Built simulation snapshot bcd_tb_behav
INFO: [USF-XSim-69] 'elaborate' step finished in '2' seconds
Vivado Simulator 2020.2
Time resolution is 1 ps
relaunch_sim: Time (s): cpu = 00:00:02 ; elapsed = 00:00:08 . Memory (MB): peak = 1160.066 ; gain = 0.000
relaunch_sim
Command: launch_simulation -simset sim_1 -mode behavioral
INFO: [Vivado 12-5682] Launching behavioral simulation in 'C:/Users/china/Documents/GitHub/ECE4304_SPRING_2021_GROUP_E/Lab4_03_Mar_2021/Lab4_03_Mar_2021/Lab4_03_Mar_2021.sim/sim_1/behav/xsim'
INFO: [SIM-utils-51] Simulation object is 'sim_1'
INFO: [SIM-utils-54] Inspecting design source files for 'bcd_tb' in fileset 'sim_1'...
INFO: [USF-XSim-97] Finding global include files...
INFO: [USF-XSim-98] Fetching design files from 'sim_1'...
INFO: [USF-XSim-2] XSim::Compile design
INFO: [USF-XSim-61] Executing 'COMPILE and ANALYZE' step in 'C:/Users/china/Documents/GitHub/ECE4304_SPRING_2021_GROUP_E/Lab4_03_Mar_2021/Lab4_03_Mar_2021/Lab4_03_Mar_2021.sim/sim_1/behav/xsim'
"xvhdl --incr --relax -prj bcd_tb_vhdl.prj"
INFO: [VRFC 10-163] Analyzing VHDL file "C:/Users/china/Documents/GitHub/ECE4304_SPRING_2021_GROUP_E/Lab4_03_Mar_2021/Lab4_03_Mar_2021/Lab4_03_Mar_2021.srcs/sim_1/new/bcd_couter_tb.vhd" into library xil_defaultlib
INFO: [VRFC 10-3107] analyzing entity 'bcd_tb'
INFO: [USF-XSim-69] 'compile' step finished in '2' seconds
Command: launch_simulation -simset sim_1 -mode behavioral
INFO: [Vivado 12-5682] Launching behavioral simulation in 'C:/Users/china/Documents/GitHub/ECE4304_SPRING_2021_GROUP_E/Lab4_03_Mar_2021/Lab4_03_Mar_2021/Lab4_03_Mar_2021.sim/sim_1/behav/xsim'
INFO: [USF-XSim-3] XSim::Elaborate design
INFO: [USF-XSim-61] Executing 'ELABORATE' step in 'C:/Users/china/Documents/GitHub/ECE4304_SPRING_2021_GROUP_E/Lab4_03_Mar_2021/Lab4_03_Mar_2021/Lab4_03_Mar_2021.sim/sim_1/behav/xsim'
"xelab -wto 37fb167552e34975b68b18bfdc2cd5bb --incr --debug typical --relax --mt 2 -L xil_defaultlib -L secureip --snapshot bcd_tb_behav xil_defaultlib.bcd_tb -log elaborate.log"
Vivado Simulator 2020.2
Copyright 1986-1999, 2001-2020 Xilinx, Inc. All Rights Reserved.
Running: E:/Vivado/2020.2/bin/unwrapped/win64.o/xelab.exe -wto 37fb167552e34975b68b18bfdc2cd5bb --incr --debug typical --relax --mt 2 -L xil_defaultlib -L secureip --snapshot bcd_tb_behav xil_defaultlib.bcd_tb -log elaborate.log 
Using 2 slave threads.
Starting static elaboration
Completed static elaboration
Starting simulation data flow analysis
Completed simulation data flow analysis
Time Resolution for simulation is 1ps
Compiling package std.standard
Compiling package std.textio
Compiling package ieee.std_logic_1164
Compiling package ieee.numeric_std
Compiling package ieee.std_logic_arith
Compiling package ieee.std_logic_unsigned
Compiling architecture behavioral of entity xil_defaultlib.bcd_counter [bcd_counter_default]
Compiling architecture behavioral of entity xil_defaultlib.bcd_tb
Built simulation snapshot bcd_tb_behav
INFO: [USF-XSim-69] 'elaborate' step finished in '2' seconds
Vivado Simulator 2020.2
Time resolution is 1 ps
relaunch_sim: Time (s): cpu = 00:00:02 ; elapsed = 00:00:08 . Memory (MB): peak = 1160.066 ; gain = 0.000
relaunch_sim
Command: launch_simulation -simset sim_1 -mode behavioral
INFO: [Vivado 12-5682] Launching behavioral simulation in 'C:/Users/china/Documents/GitHub/ECE4304_SPRING_2021_GROUP_E/Lab4_03_Mar_2021/Lab4_03_Mar_2021/Lab4_03_Mar_2021.sim/sim_1/behav/xsim'
INFO: [SIM-utils-51] Simulation object is 'sim_1'
INFO: [SIM-utils-54] Inspecting design source files for 'bcd_tb' in fileset 'sim_1'...
INFO: [USF-XSim-97] Finding global include files...
INFO: [USF-XSim-98] Fetching design files from 'sim_1'...
INFO: [USF-XSim-2] XSim::Compile design
INFO: [USF-XSim-61] Executing 'COMPILE and ANALYZE' step in 'C:/Users/china/Documents/GitHub/ECE4304_SPRING_2021_GROUP_E/Lab4_03_Mar_2021/Lab4_03_Mar_2021/Lab4_03_Mar_2021.sim/sim_1/behav/xsim'
"xvhdl --incr --relax -prj bcd_tb_vhdl.prj"
INFO: [VRFC 10-163] Analyzing VHDL file "C:/Users/china/Documents/GitHub/ECE4304_SPRING_2021_GROUP_E/Lab4_03_Mar_2021/Lab4_03_Mar_2021/Lab4_03_Mar_2021.srcs/sim_1/new/bcd_couter_tb.vhd" into library xil_defaultlib
INFO: [VRFC 10-3107] analyzing entity 'bcd_tb'
INFO: [USF-XSim-69] 'compile' step finished in '1' seconds
Command: launch_simulation -simset sim_1 -mode behavioral
INFO: [Vivado 12-5682] Launching behavioral simulation in 'C:/Users/china/Documents/GitHub/ECE4304_SPRING_2021_GROUP_E/Lab4_03_Mar_2021/Lab4_03_Mar_2021/Lab4_03_Mar_2021.sim/sim_1/behav/xsim'
INFO: [USF-XSim-3] XSim::Elaborate design
INFO: [USF-XSim-61] Executing 'ELABORATE' step in 'C:/Users/china/Documents/GitHub/ECE4304_SPRING_2021_GROUP_E/Lab4_03_Mar_2021/Lab4_03_Mar_2021/Lab4_03_Mar_2021.sim/sim_1/behav/xsim'
"xelab -wto 37fb167552e34975b68b18bfdc2cd5bb --incr --debug typical --relax --mt 2 -L xil_defaultlib -L secureip --snapshot bcd_tb_behav xil_defaultlib.bcd_tb -log elaborate.log"
Vivado Simulator 2020.2
Copyright 1986-1999, 2001-2020 Xilinx, Inc. All Rights Reserved.
Running: E:/Vivado/2020.2/bin/unwrapped/win64.o/xelab.exe -wto 37fb167552e34975b68b18bfdc2cd5bb --incr --debug typical --relax --mt 2 -L xil_defaultlib -L secureip --snapshot bcd_tb_behav xil_defaultlib.bcd_tb -log elaborate.log 
Using 2 slave threads.
Starting static elaboration
Completed static elaboration
Starting simulation data flow analysis
Completed simulation data flow analysis
Time Resolution for simulation is 1ps
Compiling package std.standard
Compiling package std.textio
Compiling package ieee.std_logic_1164
Compiling package ieee.numeric_std
Compiling package ieee.std_logic_arith
Compiling package ieee.std_logic_unsigned
Compiling architecture behavioral of entity xil_defaultlib.bcd_counter [bcd_counter_default]
Compiling architecture behavioral of entity xil_defaultlib.bcd_tb
Built simulation snapshot bcd_tb_behav
INFO: [USF-XSim-69] 'elaborate' step finished in '1' seconds
Vivado Simulator 2020.2
Time resolution is 1 ps
relaunch_sim: Time (s): cpu = 00:00:02 ; elapsed = 00:00:07 . Memory (MB): peak = 1160.066 ; gain = 0.000
relaunch_sim
Command: launch_simulation -simset sim_1 -mode behavioral
INFO: [Vivado 12-5682] Launching behavioral simulation in 'C:/Users/china/Documents/GitHub/ECE4304_SPRING_2021_GROUP_E/Lab4_03_Mar_2021/Lab4_03_Mar_2021/Lab4_03_Mar_2021.sim/sim_1/behav/xsim'
INFO: [SIM-utils-51] Simulation object is 'sim_1'
INFO: [SIM-utils-54] Inspecting design source files for 'bcd_tb' in fileset 'sim_1'...
INFO: [USF-XSim-97] Finding global include files...
INFO: [USF-XSim-98] Fetching design files from 'sim_1'...
INFO: [USF-XSim-2] XSim::Compile design
INFO: [USF-XSim-61] Executing 'COMPILE and ANALYZE' step in 'C:/Users/china/Documents/GitHub/ECE4304_SPRING_2021_GROUP_E/Lab4_03_Mar_2021/Lab4_03_Mar_2021/Lab4_03_Mar_2021.sim/sim_1/behav/xsim'
"xvhdl --incr --relax -prj bcd_tb_vhdl.prj"
INFO: [VRFC 10-163] Analyzing VHDL file "C:/Users/china/Documents/GitHub/ECE4304_SPRING_2021_GROUP_E/Lab4_03_Mar_2021/Lab4_03_Mar_2021/Lab4_03_Mar_2021.srcs/sim_1/new/bcd_couter_tb.vhd" into library xil_defaultlib
INFO: [VRFC 10-3107] analyzing entity 'bcd_tb'
INFO: [USF-XSim-69] 'compile' step finished in '1' seconds
Command: launch_simulation -simset sim_1 -mode behavioral
INFO: [Vivado 12-5682] Launching behavioral simulation in 'C:/Users/china/Documents/GitHub/ECE4304_SPRING_2021_GROUP_E/Lab4_03_Mar_2021/Lab4_03_Mar_2021/Lab4_03_Mar_2021.sim/sim_1/behav/xsim'
INFO: [USF-XSim-3] XSim::Elaborate design
INFO: [USF-XSim-61] Executing 'ELABORATE' step in 'C:/Users/china/Documents/GitHub/ECE4304_SPRING_2021_GROUP_E/Lab4_03_Mar_2021/Lab4_03_Mar_2021/Lab4_03_Mar_2021.sim/sim_1/behav/xsim'
"xelab -wto 37fb167552e34975b68b18bfdc2cd5bb --incr --debug typical --relax --mt 2 -L xil_defaultlib -L secureip --snapshot bcd_tb_behav xil_defaultlib.bcd_tb -log elaborate.log"
Vivado Simulator 2020.2
Copyright 1986-1999, 2001-2020 Xilinx, Inc. All Rights Reserved.
Running: E:/Vivado/2020.2/bin/unwrapped/win64.o/xelab.exe -wto 37fb167552e34975b68b18bfdc2cd5bb --incr --debug typical --relax --mt 2 -L xil_defaultlib -L secureip --snapshot bcd_tb_behav xil_defaultlib.bcd_tb -log elaborate.log 
Using 2 slave threads.
Starting static elaboration
Completed static elaboration
Starting simulation data flow analysis
Completed simulation data flow analysis
Time Resolution for simulation is 1ps
Compiling package std.standard
Compiling package std.textio
Compiling package ieee.std_logic_1164
Compiling package ieee.numeric_std
Compiling package ieee.std_logic_arith
Compiling package ieee.std_logic_unsigned
Compiling architecture behavioral of entity xil_defaultlib.bcd_counter [bcd_counter_default]
Compiling architecture behavioral of entity xil_defaultlib.bcd_tb
Built simulation snapshot bcd_tb_behav
INFO: [USF-XSim-69] 'elaborate' step finished in '2' seconds
Vivado Simulator 2020.2
Time resolution is 1 ps
relaunch_sim: Time (s): cpu = 00:00:02 ; elapsed = 00:00:07 . Memory (MB): peak = 1160.066 ; gain = 0.000
relaunch_sim
Command: launch_simulation -simset sim_1 -mode behavioral
INFO: [Vivado 12-5682] Launching behavioral simulation in 'C:/Users/china/Documents/GitHub/ECE4304_SPRING_2021_GROUP_E/Lab4_03_Mar_2021/Lab4_03_Mar_2021/Lab4_03_Mar_2021.sim/sim_1/behav/xsim'
INFO: [SIM-utils-51] Simulation object is 'sim_1'
INFO: [SIM-utils-54] Inspecting design source files for 'bcd_tb' in fileset 'sim_1'...
INFO: [USF-XSim-97] Finding global include files...
INFO: [USF-XSim-98] Fetching design files from 'sim_1'...
INFO: [USF-XSim-2] XSim::Compile design
INFO: [USF-XSim-61] Executing 'COMPILE and ANALYZE' step in 'C:/Users/china/Documents/GitHub/ECE4304_SPRING_2021_GROUP_E/Lab4_03_Mar_2021/Lab4_03_Mar_2021/Lab4_03_Mar_2021.sim/sim_1/behav/xsim'
"xvhdl --incr --relax -prj bcd_tb_vhdl.prj"
INFO: [VRFC 10-163] Analyzing VHDL file "C:/Users/china/Documents/GitHub/ECE4304_SPRING_2021_GROUP_E/Lab4_03_Mar_2021/Lab4_03_Mar_2021/Lab4_03_Mar_2021.srcs/sim_1/new/bcd_couter_tb.vhd" into library xil_defaultlib
INFO: [VRFC 10-3107] analyzing entity 'bcd_tb'
INFO: [USF-XSim-69] 'compile' step finished in '1' seconds
Command: launch_simulation -simset sim_1 -mode behavioral
INFO: [Vivado 12-5682] Launching behavioral simulation in 'C:/Users/china/Documents/GitHub/ECE4304_SPRING_2021_GROUP_E/Lab4_03_Mar_2021/Lab4_03_Mar_2021/Lab4_03_Mar_2021.sim/sim_1/behav/xsim'
INFO: [USF-XSim-3] XSim::Elaborate design
INFO: [USF-XSim-61] Executing 'ELABORATE' step in 'C:/Users/china/Documents/GitHub/ECE4304_SPRING_2021_GROUP_E/Lab4_03_Mar_2021/Lab4_03_Mar_2021/Lab4_03_Mar_2021.sim/sim_1/behav/xsim'
"xelab -wto 37fb167552e34975b68b18bfdc2cd5bb --incr --debug typical --relax --mt 2 -L xil_defaultlib -L secureip --snapshot bcd_tb_behav xil_defaultlib.bcd_tb -log elaborate.log"
Vivado Simulator 2020.2
Copyright 1986-1999, 2001-2020 Xilinx, Inc. All Rights Reserved.
Running: E:/Vivado/2020.2/bin/unwrapped/win64.o/xelab.exe -wto 37fb167552e34975b68b18bfdc2cd5bb --incr --debug typical --relax --mt 2 -L xil_defaultlib -L secureip --snapshot bcd_tb_behav xil_defaultlib.bcd_tb -log elaborate.log 
Using 2 slave threads.
Starting static elaboration
Completed static elaboration
Starting simulation data flow analysis
Completed simulation data flow analysis
Time Resolution for simulation is 1ps
Compiling package std.standard
Compiling package std.textio
Compiling package ieee.std_logic_1164
Compiling package ieee.numeric_std
Compiling package ieee.std_logic_arith
Compiling package ieee.std_logic_unsigned
Compiling architecture behavioral of entity xil_defaultlib.bcd_counter [bcd_counter_default]
Compiling architecture behavioral of entity xil_defaultlib.bcd_tb
Built simulation snapshot bcd_tb_behav
INFO: [USF-XSim-69] 'elaborate' step finished in '2' seconds
Vivado Simulator 2020.2
Time resolution is 1 ps
relaunch_sim: Time (s): cpu = 00:00:02 ; elapsed = 00:00:08 . Memory (MB): peak = 1305.453 ; gain = 0.000
relaunch_sim
Command: launch_simulation -simset sim_1 -mode behavioral
INFO: [Vivado 12-5682] Launching behavioral simulation in 'C:/Users/china/Documents/GitHub/ECE4304_SPRING_2021_GROUP_E/Lab4_03_Mar_2021/Lab4_03_Mar_2021/Lab4_03_Mar_2021.sim/sim_1/behav/xsim'
INFO: [SIM-utils-51] Simulation object is 'sim_1'
INFO: [SIM-utils-54] Inspecting design source files for 'bcd_tb' in fileset 'sim_1'...
INFO: [USF-XSim-97] Finding global include files...
INFO: [USF-XSim-98] Fetching design files from 'sim_1'...
INFO: [USF-XSim-2] XSim::Compile design
INFO: [USF-XSim-61] Executing 'COMPILE and ANALYZE' step in 'C:/Users/china/Documents/GitHub/ECE4304_SPRING_2021_GROUP_E/Lab4_03_Mar_2021/Lab4_03_Mar_2021/Lab4_03_Mar_2021.sim/sim_1/behav/xsim'
"xvhdl --incr --relax -prj bcd_tb_vhdl.prj"
INFO: [VRFC 10-163] Analyzing VHDL file "C:/Users/china/Documents/GitHub/ECE4304_SPRING_2021_GROUP_E/Lab4_03_Mar_2021/Lab4_03_Mar_2021/Lab4_03_Mar_2021.srcs/sim_1/new/bcd_couter_tb.vhd" into library xil_defaultlib
INFO: [VRFC 10-3107] analyzing entity 'bcd_tb'
INFO: [USF-XSim-69] 'compile' step finished in '1' seconds
Command: launch_simulation -simset sim_1 -mode behavioral
INFO: [Vivado 12-5682] Launching behavioral simulation in 'C:/Users/china/Documents/GitHub/ECE4304_SPRING_2021_GROUP_E/Lab4_03_Mar_2021/Lab4_03_Mar_2021/Lab4_03_Mar_2021.sim/sim_1/behav/xsim'
INFO: [USF-XSim-3] XSim::Elaborate design
INFO: [USF-XSim-61] Executing 'ELABORATE' step in 'C:/Users/china/Documents/GitHub/ECE4304_SPRING_2021_GROUP_E/Lab4_03_Mar_2021/Lab4_03_Mar_2021/Lab4_03_Mar_2021.sim/sim_1/behav/xsim'
"xelab -wto 37fb167552e34975b68b18bfdc2cd5bb --incr --debug typical --relax --mt 2 -L xil_defaultlib -L secureip --snapshot bcd_tb_behav xil_defaultlib.bcd_tb -log elaborate.log"
Vivado Simulator 2020.2
Copyright 1986-1999, 2001-2020 Xilinx, Inc. All Rights Reserved.
Running: E:/Vivado/2020.2/bin/unwrapped/win64.o/xelab.exe -wto 37fb167552e34975b68b18bfdc2cd5bb --incr --debug typical --relax --mt 2 -L xil_defaultlib -L secureip --snapshot bcd_tb_behav xil_defaultlib.bcd_tb -log elaborate.log 
Using 2 slave threads.
Starting static elaboration
Completed static elaboration
Starting simulation data flow analysis
Completed simulation data flow analysis
Time Resolution for simulation is 1ps
Compiling package std.standard
Compiling package std.textio
Compiling package ieee.std_logic_1164
Compiling package ieee.numeric_std
Compiling package ieee.std_logic_arith
Compiling package ieee.std_logic_unsigned
Compiling architecture behavioral of entity xil_defaultlib.bcd_counter [bcd_counter_default]
Compiling architecture behavioral of entity xil_defaultlib.bcd_tb
Built simulation snapshot bcd_tb_behav
INFO: [USF-XSim-69] 'elaborate' step finished in '2' seconds
Vivado Simulator 2020.2
Time resolution is 1 ps
relaunch_sim: Time (s): cpu = 00:00:01 ; elapsed = 00:00:07 . Memory (MB): peak = 1599.098 ; gain = 0.000
close_sim
INFO: [Simtcl 6-16] Simulation closed
exit
INFO: [Common 17-206] Exiting Vivado at Tue Mar  2 19:19:16 2021...
