Vivado Simulator 2020.2
Copyright 1986-1999, 2001-2020 Xilinx, Inc. All Rights Reserved.
Running: E:/Vivado/2020.2/bin/unwrapped/win64.o/xelab.exe -wto 536b774fccd34448a592bd4e4a7c811d --incr --debug typical --relax --mt 2 -L xil_defaultlib -L secureip --snapshot sim_behav xil_defaultlib.sim -log elaborate.log 
Using 2 slave threads.
Starting static elaboration
Completed static elaboration
Starting simulation data flow analysis
Completed simulation data flow analysis
Time Resolution for simulation is 1ps
Compiling package std.standard
Compiling package std.textio
Compiling package ieee.std_logic_1164
Compiling package ieee.std_logic_arith
Compiling package ieee.std_logic_unsigned
Compiling package ieee.numeric_std
Compiling architecture behavioral of entity xil_defaultlib.SevenSegDecoder [sevensegdecoder_default]
Compiling architecture behavioral of entity xil_defaultlib.BCD [bcd_default]
Compiling architecture behavioral of entity xil_defaultlib.top [top_default]
Compiling architecture behavioral of entity xil_defaultlib.sim
Built simulation snapshot sim_behav
