#-----------------------------------------------------------
# Vivado v2019.2 (64-bit)
# SW Build 2708876 on Wed Nov  6 21:40:23 MST 2019
# IP Build 2700528 on Thu Nov  7 00:09:20 MST 2019
# Start of session at: Sun Apr 25 17:05:32 2021
# Process ID: 5768
# Current directory: C:/Users/Ahiezer/Documents/GitHub/ECE4304_SPRING_2021_GROUP_E/Lab8_26_Apr_2021/VGA
# Command line: vivado.exe -gui_launcher_event rodinguilauncherevent25580 C:\Users\Ahiezer\Documents\GitHub\ECE4304_SPRING_2021_GROUP_E\Lab8_26_Apr_2021\VGA\VGA.xpr
# Log file: C:/Users/Ahiezer/Documents/GitHub/ECE4304_SPRING_2021_GROUP_E/Lab8_26_Apr_2021/VGA/vivado.log
# Journal file: C:/Users/Ahiezer/Documents/GitHub/ECE4304_SPRING_2021_GROUP_E/Lab8_26_Apr_2021/VGA\vivado.jou
#-----------------------------------------------------------
start_gui
open_project C:/Users/Ahiezer/Documents/GitHub/ECE4304_SPRING_2021_GROUP_E/Lab8_26_Apr_2021/VGA/VGA.xpr
INFO: [ProjectBase 1-489] The host OS only allows 260 characters in a normal path. The project is stored in a path with more than 80 characters. If you experience issues with IP, Block Designs, or files not being found, please consider moving the project to a location with a shorter path. Alternately consider using the OS subst command to map part of the path to a drive letter.
Current project path is 'C:/Users/Ahiezer/Documents/GitHub/ECE4304_SPRING_2021_GROUP_E/Lab8_26_Apr_2021/VGA'
Scanning sources...
Finished scanning sources
INFO: [IP_Flow 19-234] Refreshing IP repositories
INFO: [IP_Flow 19-1704] No user IP repositories specified
INFO: [IP_Flow 19-2313] Loaded Vivado IP repository 'C:/Xilinx/Vivado/2019.2/data/ip'.
open_project: Time (s): cpu = 00:00:15 ; elapsed = 00:00:06 . Memory (MB): peak = 795.215 ; gain = 112.480
reset_run impl_1 -prev_step 
launch_runs impl_1 -to_step write_bitstream -jobs 4
[Sun Apr 25 17:06:00 2021] Launched impl_1...
Run output will be captured here: C:/Users/Ahiezer/Documents/GitHub/ECE4304_SPRING_2021_GROUP_E/Lab8_26_Apr_2021/VGA/VGA.runs/impl_1/runme.log
update_compile_order -fileset sources_1
open_hw_manager
connect_hw_server -allow_non_jtag
INFO: [Labtools 27-2285] Connecting to hw_server url TCP:localhost:3121
INFO: [Labtools 27-2222] Launching hw_server...
INFO: [Labtools 27-2221] Launch Output:

****** Xilinx hw_server v2019.2
  **** Build date : Nov  6 2019 at 22:12:23
    ** Copyright 1986-2019 Xilinx, Inc. All Rights Reserved.


INFO: [Labtools 27-3415] Connecting to cs_server url TCP:localhost:3042
INFO: [Labtools 27-3417] Launching cs_server...
INFO: [Labtools 27-2221] Launch Output:


****** Xilinx cs_server v2019.2.0
  **** Build date : Nov 06 2019-21:28:22
    ** Copyright 2017-2019 Xilinx, Inc. All Rights Reserved.



connect_hw_server: Time (s): cpu = 00:00:02 ; elapsed = 00:00:09 . Memory (MB): peak = 879.754 ; gain = 15.812
open_hw_target
INFO: [Labtoolstcl 44-466] Opening hw_target localhost:3121/xilinx_tcf/Digilent/210292AE2358A
set_property PROGRAM.FILE {C:/Users/Ahiezer/Documents/GitHub/ECE4304_SPRING_2021_GROUP_E/Lab8_26_Apr_2021/VGA/VGA.runs/impl_1/vga_initials_top.bit} [get_hw_devices xc7a100t_0]
current_hw_device [get_hw_devices xc7a100t_0]
refresh_hw_device -update_hw_probes false [lindex [get_hw_devices xc7a100t_0] 0]
INFO: [Labtools 27-1435] Device xc7a100t (JTAG device index = 0) is not programmed (DONE status = 0).
set_property PROBES.FILE {} [get_hw_devices xc7a100t_0]
set_property FULL_PROBES.FILE {} [get_hw_devices xc7a100t_0]
set_property PROGRAM.FILE {C:/Users/Ahiezer/Documents/GitHub/ECE4304_SPRING_2021_GROUP_E/Lab8_26_Apr_2021/VGA/VGA.runs/impl_1/vga_initials_top.bit} [get_hw_devices xc7a100t_0]
program_hw_devices [get_hw_devices xc7a100t_0]
INFO: [Labtools 27-3164] End of startup status: HIGH
refresh_hw_device [lindex [get_hw_devices xc7a100t_0] 0]
INFO: [Labtools 27-1434] Device xc7a100t (JTAG device index = 0) is programmed with a design that has no supported debug core(s) in it.
set_property PROBES.FILE {} [get_hw_devices xc7a100t_0]
set_property FULL_PROBES.FILE {} [get_hw_devices xc7a100t_0]
set_property PROGRAM.FILE {C:/Users/Ahiezer/Documents/GitHub/ECE4304_SPRING_2021_GROUP_E/Lab8_26_Apr_2021/VGA/VGA.runs/impl_1/vga_initials_top.bit} [get_hw_devices xc7a100t_0]
program_hw_devices [get_hw_devices xc7a100t_0]
INFO: [Labtools 27-3164] End of startup status: HIGH
refresh_hw_device [lindex [get_hw_devices xc7a100t_0] 0]
INFO: [Labtools 27-1434] Device xc7a100t (JTAG device index = 0) is programmed with a design that has no supported debug core(s) in it.
close_hw_manager
open_hw_manager
connect_hw_server -allow_non_jtag
INFO: [Labtools 27-2285] Connecting to hw_server url TCP:localhost:3121
INFO: [Labtools 27-2222] Launching hw_server...
INFO: [Labtools 27-2221] Launch Output:

****** Xilinx hw_server v2019.2
  **** Build date : Nov  6 2019 at 22:12:23
    ** Copyright 1986-2019 Xilinx, Inc. All Rights Reserved.


INFO: [Labtools 27-3415] Connecting to cs_server url TCP:localhost:3042
INFO: [Labtools 27-3417] Launching cs_server...
INFO: [Labtools 27-2221] Launch Output:


****** Xilinx cs_server v2019.2.0
  **** Build date : Nov 06 2019-21:28:22
    ** Copyright 2017-2019 Xilinx, Inc. All Rights Reserved.



connect_hw_server: Time (s): cpu = 00:00:01 ; elapsed = 00:00:07 . Memory (MB): peak = 2219.125 ; gain = 0.086
open_hw_target
INFO: [Labtoolstcl 44-466] Opening hw_target localhost:3121/xilinx_tcf/Digilent/210292AE2358A
set_property PROGRAM.FILE {C:/Users/Ahiezer/Documents/GitHub/ECE4304_SPRING_2021_GROUP_E/Lab8_26_Apr_2021/VGA/VGA.runs/impl_1/vga_initials_top.bit} [get_hw_devices xc7a100t_0]
current_hw_device [get_hw_devices xc7a100t_0]
refresh_hw_device -update_hw_probes false [lindex [get_hw_devices xc7a100t_0] 0]
INFO: [Labtools 27-1434] Device xc7a100t (JTAG device index = 0) is programmed with a design that has no supported debug core(s) in it.
set_property PROBES.FILE {} [get_hw_devices xc7a100t_0]
set_property FULL_PROBES.FILE {} [get_hw_devices xc7a100t_0]
set_property PROGRAM.FILE {C:/Users/Ahiezer/Documents/GitHub/ECE4304_SPRING_2021_GROUP_E/Lab8_26_Apr_2021/VGA/VGA.runs/impl_1/vga_initials_top.bit} [get_hw_devices xc7a100t_0]
program_hw_devices [get_hw_devices xc7a100t_0]
INFO: [Labtools 27-3164] End of startup status: HIGH
refresh_hw_device [lindex [get_hw_devices xc7a100t_0] 0]
INFO: [Labtools 27-1434] Device xc7a100t (JTAG device index = 0) is programmed with a design that has no supported debug core(s) in it.
close_hw_manager
update_compile_order -fileset sim_1
reset_run synth_1
launch_runs impl_1 -to_step write_bitstream -jobs 4
[Sun Apr 25 17:37:44 2021] Launched synth_1...
Run output will be captured here: C:/Users/Ahiezer/Documents/GitHub/ECE4304_SPRING_2021_GROUP_E/Lab8_26_Apr_2021/VGA/VGA.runs/synth_1/runme.log
[Sun Apr 25 17:37:44 2021] Launched impl_1...
Run output will be captured here: C:/Users/Ahiezer/Documents/GitHub/ECE4304_SPRING_2021_GROUP_E/Lab8_26_Apr_2021/VGA/VGA.runs/impl_1/runme.log
reset_run synth_1
launch_runs impl_1 -to_step write_bitstream -jobs 4
[Sun Apr 25 17:38:43 2021] Launched synth_1...
Run output will be captured here: C:/Users/Ahiezer/Documents/GitHub/ECE4304_SPRING_2021_GROUP_E/Lab8_26_Apr_2021/VGA/VGA.runs/synth_1/runme.log
[Sun Apr 25 17:38:43 2021] Launched impl_1...
Run output will be captured here: C:/Users/Ahiezer/Documents/GitHub/ECE4304_SPRING_2021_GROUP_E/Lab8_26_Apr_2021/VGA/VGA.runs/impl_1/runme.log
open_hw_manager
connect_hw_server -allow_non_jtag
INFO: [Labtools 27-2285] Connecting to hw_server url TCP:localhost:3121
INFO: [Labtools 27-2222] Launching hw_server...
INFO: [Labtools 27-2221] Launch Output:

****** Xilinx hw_server v2019.2
  **** Build date : Nov  6 2019 at 22:12:23
    ** Copyright 1986-2019 Xilinx, Inc. All Rights Reserved.


INFO: [Labtools 27-3415] Connecting to cs_server url TCP:localhost:3042
INFO: [Labtools 27-3417] Launching cs_server...
INFO: [Labtools 27-2221] Launch Output:


****** Xilinx cs_server v2019.2.0
  **** Build date : Nov 06 2019-21:28:22
    ** Copyright 2017-2019 Xilinx, Inc. All Rights Reserved.



connect_hw_server: Time (s): cpu = 00:00:00 ; elapsed = 00:00:09 . Memory (MB): peak = 2243.715 ; gain = 0.000
open_hw_target
INFO: [Labtoolstcl 44-466] Opening hw_target localhost:3121/xilinx_tcf/Digilent/210292AE2358A
set_property PROGRAM.FILE {C:/Users/Ahiezer/Documents/GitHub/ECE4304_SPRING_2021_GROUP_E/Lab8_26_Apr_2021/VGA/VGA.runs/impl_1/vga_initials_top.bit} [get_hw_devices xc7a100t_0]
current_hw_device [get_hw_devices xc7a100t_0]
refresh_hw_device -update_hw_probes false [lindex [get_hw_devices xc7a100t_0] 0]
INFO: [Labtools 27-1434] Device xc7a100t (JTAG device index = 0) is programmed with a design that has no supported debug core(s) in it.
set_property PROBES.FILE {} [get_hw_devices xc7a100t_0]
set_property FULL_PROBES.FILE {} [get_hw_devices xc7a100t_0]
set_property PROGRAM.FILE {C:/Users/Ahiezer/Documents/GitHub/ECE4304_SPRING_2021_GROUP_E/Lab8_26_Apr_2021/VGA/VGA.runs/impl_1/vga_initials_top.bit} [get_hw_devices xc7a100t_0]
program_hw_devices [get_hw_devices xc7a100t_0]
INFO: [Labtools 27-3164] End of startup status: HIGH
refresh_hw_device [lindex [get_hw_devices xc7a100t_0] 0]
INFO: [Labtools 27-1434] Device xc7a100t (JTAG device index = 0) is programmed with a design that has no supported debug core(s) in it.
set_property PROBES.FILE {} [get_hw_devices xc7a100t_0]
set_property FULL_PROBES.FILE {} [get_hw_devices xc7a100t_0]
set_property PROGRAM.FILE {C:/Users/Ahiezer/Documents/GitHub/ECE4304_SPRING_2021_GROUP_E/Lab8_26_Apr_2021/VGA/VGA.runs/impl_1/vga_initials_top.bit} [get_hw_devices xc7a100t_0]
program_hw_devices [get_hw_devices xc7a100t_0]
INFO: [Labtools 27-3164] End of startup status: HIGH
refresh_hw_device [lindex [get_hw_devices xc7a100t_0] 0]
INFO: [Labtools 27-1434] Device xc7a100t (JTAG device index = 0) is programmed with a design that has no supported debug core(s) in it.
set_property PROBES.FILE {} [get_hw_devices xc7a100t_0]
set_property FULL_PROBES.FILE {} [get_hw_devices xc7a100t_0]
set_property PROGRAM.FILE {C:/Users/Ahiezer/Documents/GitHub/ECE4304_SPRING_2021_GROUP_E/Lab8_26_Apr_2021/VGA/VGA.runs/impl_1/vga_initials_top.bit} [get_hw_devices xc7a100t_0]
program_hw_devices [get_hw_devices xc7a100t_0]
INFO: [Labtools 27-3164] End of startup status: HIGH
refresh_hw_device [lindex [get_hw_devices xc7a100t_0] 0]
INFO: [Labtools 27-1434] Device xc7a100t (JTAG device index = 0) is programmed with a design that has no supported debug core(s) in it.
close_hw_manager
reset_run synth_1
launch_runs impl_1 -to_step write_bitstream -jobs 4
[Sun Apr 25 17:59:04 2021] Launched synth_1...
Run output will be captured here: C:/Users/Ahiezer/Documents/GitHub/ECE4304_SPRING_2021_GROUP_E/Lab8_26_Apr_2021/VGA/VGA.runs/synth_1/runme.log
[Sun Apr 25 17:59:05 2021] Launched impl_1...
Run output will be captured here: C:/Users/Ahiezer/Documents/GitHub/ECE4304_SPRING_2021_GROUP_E/Lab8_26_Apr_2021/VGA/VGA.runs/impl_1/runme.log
synth_design -rtl -name rtl_1
Command: synth_design -rtl -name rtl_1
Starting synth_design
Using part: xc7a100tcsg324-1
Top: vga_initials_top
INFO: [Device 21-403] Loading part xc7a100tcsg324-1
---------------------------------------------------------------------------------
Starting RTL Elaboration : Time (s): cpu = 00:00:04 ; elapsed = 00:00:04 . Memory (MB): peak = 2826.105 ; gain = 239.750
---------------------------------------------------------------------------------
INFO: [Synth 8-638] synthesizing module 'vga_initials_top' [C:/Users/Ahiezer/Documents/GitHub/ECE4304_SPRING_2021_GROUP_E/Lab8_26_Apr_2021/VGA/VGA.srcs/sources_1/new/vga_initials_top.vhd:65]
	Parameter strip_hpixels bound to: 800 - type: integer 
	Parameter strip_vlines bound to: 512 - type: integer 
	Parameter strip_hbp bound to: 144 - type: integer 
	Parameter strip_hfp bound to: 784 - type: integer 
	Parameter strip_vbp bound to: 31 - type: integer 
	Parameter strip_vfp bound to: 511 - type: integer 
	Parameter top_width bound to: 8 - type: integer 
	Parameter top_depth bound to: 4 - type: integer 
INFO: [Synth 8-3491] module 'clk_wiz_0' declared at 'c:/Users/Ahiezer/Documents/GitHub/ECE4304_SPRING_2021_GROUP_E/Lab8_26_Apr_2021/VGA/VGA.srcs/sources_1/ip/clk_wiz_0/clk_wiz_0.v:70' bound to instance 'CLK_GEN_PLL' of component 'clk_wiz_0' [C:/Users/Ahiezer/Documents/GitHub/ECE4304_SPRING_2021_GROUP_E/Lab8_26_Apr_2021/VGA/VGA.srcs/sources_1/new/vga_initials_top.vhd:143]
INFO: [Synth 8-6157] synthesizing module 'clk_wiz_0' [c:/Users/Ahiezer/Documents/GitHub/ECE4304_SPRING_2021_GROUP_E/Lab8_26_Apr_2021/VGA/VGA.srcs/sources_1/ip/clk_wiz_0/clk_wiz_0.v:70]
INFO: [Synth 8-6157] synthesizing module 'clk_wiz_0_clk_wiz' [c:/Users/Ahiezer/Documents/GitHub/ECE4304_SPRING_2021_GROUP_E/Lab8_26_Apr_2021/VGA/VGA.srcs/sources_1/ip/clk_wiz_0/clk_wiz_0_clk_wiz.v:68]
INFO: [Synth 8-6157] synthesizing module 'IBUF' [C:/Xilinx/Vivado/2019.2/scripts/rt/data/unisim_comp.v:32937]
	Parameter CAPACITANCE bound to: DONT_CARE - type: string 
	Parameter IBUF_DELAY_VALUE bound to: 0 - type: string 
	Parameter IBUF_LOW_PWR bound to: TRUE - type: string 
	Parameter IFD_DELAY_VALUE bound to: AUTO - type: string 
	Parameter IOSTANDARD bound to: DEFAULT - type: string 
INFO: [Synth 8-6155] done synthesizing module 'IBUF' (1#1) [C:/Xilinx/Vivado/2019.2/scripts/rt/data/unisim_comp.v:32937]
INFO: [Synth 8-6157] synthesizing module 'PLLE2_ADV' [C:/Xilinx/Vivado/2019.2/scripts/rt/data/unisim_comp.v:61416]
	Parameter BANDWIDTH bound to: OPTIMIZED - type: string 
	Parameter CLKFBOUT_MULT bound to: 64 - type: integer 
	Parameter CLKFBOUT_PHASE bound to: 0.000000 - type: double 
	Parameter CLKIN1_PERIOD bound to: 10.000000 - type: double 
	Parameter CLKIN2_PERIOD bound to: 0.000000 - type: double 
	Parameter CLKOUT0_DIVIDE bound to: 51 - type: integer 
	Parameter CLKOUT0_DUTY_CYCLE bound to: 0.500000 - type: double 
	Parameter CLKOUT0_PHASE bound to: 0.000000 - type: double 
	Parameter CLKOUT1_DIVIDE bound to: 1 - type: integer 
	Parameter CLKOUT1_DUTY_CYCLE bound to: 0.500000 - type: double 
	Parameter CLKOUT1_PHASE bound to: 0.000000 - type: double 
	Parameter CLKOUT2_DIVIDE bound to: 1 - type: integer 
	Parameter CLKOUT2_DUTY_CYCLE bound to: 0.500000 - type: double 
	Parameter CLKOUT2_PHASE bound to: 0.000000 - type: double 
	Parameter CLKOUT3_DIVIDE bound to: 1 - type: integer 
	Parameter CLKOUT3_DUTY_CYCLE bound to: 0.500000 - type: double 
	Parameter CLKOUT3_PHASE bound to: 0.000000 - type: double 
	Parameter CLKOUT4_DIVIDE bound to: 1 - type: integer 
	Parameter CLKOUT4_DUTY_CYCLE bound to: 0.500000 - type: double 
	Parameter CLKOUT4_PHASE bound to: 0.000000 - type: double 
	Parameter CLKOUT5_DIVIDE bound to: 1 - type: integer 
	Parameter CLKOUT5_DUTY_CYCLE bound to: 0.500000 - type: double 
	Parameter CLKOUT5_PHASE bound to: 0.000000 - type: double 
	Parameter COMPENSATION bound to: ZHOLD - type: string 
	Parameter DIVCLK_DIVIDE bound to: 5 - type: integer 
	Parameter IS_CLKINSEL_INVERTED bound to: 1'b0 
	Parameter IS_PWRDWN_INVERTED bound to: 1'b0 
	Parameter IS_RST_INVERTED bound to: 1'b0 
	Parameter REF_JITTER1 bound to: 0.010000 - type: double 
	Parameter REF_JITTER2 bound to: 0.010000 - type: double 
	Parameter STARTUP_WAIT bound to: FALSE - type: string 
INFO: [Synth 8-6155] done synthesizing module 'PLLE2_ADV' (2#1) [C:/Xilinx/Vivado/2019.2/scripts/rt/data/unisim_comp.v:61416]
INFO: [Synth 8-6157] synthesizing module 'BUFG' [C:/Xilinx/Vivado/2019.2/scripts/rt/data/unisim_comp.v:1075]
INFO: [Synth 8-6155] done synthesizing module 'BUFG' (3#1) [C:/Xilinx/Vivado/2019.2/scripts/rt/data/unisim_comp.v:1075]
INFO: [Synth 8-6155] done synthesizing module 'clk_wiz_0_clk_wiz' (4#1) [c:/Users/Ahiezer/Documents/GitHub/ECE4304_SPRING_2021_GROUP_E/Lab8_26_Apr_2021/VGA/VGA.srcs/sources_1/ip/clk_wiz_0/clk_wiz_0_clk_wiz.v:68]
INFO: [Synth 8-6155] done synthesizing module 'clk_wiz_0' (5#1) [c:/Users/Ahiezer/Documents/GitHub/ECE4304_SPRING_2021_GROUP_E/Lab8_26_Apr_2021/VGA/VGA.srcs/sources_1/ip/clk_wiz_0/clk_wiz_0.v:70]
	Parameter hpixels bound to: 800 - type: integer 
	Parameter vlines bound to: 512 - type: integer 
	Parameter hbp bound to: 144 - type: integer 
	Parameter hfp bound to: 784 - type: integer 
	Parameter vbp bound to: 31 - type: integer 
	Parameter vfp bound to: 511 - type: integer 
INFO: [Synth 8-3491] module 'VGA_VHDL' declared at 'C:/Users/Ahiezer/Documents/GitHub/ECE4304_SPRING_2021_GROUP_E/Lab8_26_Apr_2021/VGA/VGA.srcs/sources_1/new/VGA_VHDL.vhd:38' bound to instance 'VGA_DRIVER' of component 'VGA_VHDL' [C:/Users/Ahiezer/Documents/GitHub/ECE4304_SPRING_2021_GROUP_E/Lab8_26_Apr_2021/VGA/VGA.srcs/sources_1/new/vga_initials_top.vhd:153]
INFO: [Synth 8-638] synthesizing module 'VGA_VHDL' [C:/Users/Ahiezer/Documents/GitHub/ECE4304_SPRING_2021_GROUP_E/Lab8_26_Apr_2021/VGA/VGA.srcs/sources_1/new/VGA_VHDL.vhd:75]
	Parameter H_SP bound to: 128 - type: integer 
	Parameter H_BP bound to: 16 - type: integer 
	Parameter H_FP bound to: 16 - type: integer 
	Parameter H_Video bound to: 640 - type: integer 
	Parameter hpixels bound to: 800 - type: integer 
	Parameter hbp bound to: 144 - type: integer 
	Parameter hfp bound to: 784 - type: integer 
	Parameter V_SP bound to: 2 - type: integer 
	Parameter V_BP bound to: 29 - type: integer 
	Parameter V_FP bound to: 10 - type: integer 
	Parameter V_Video bound to: 480 - type: integer 
	Parameter vlines bound to: 512 - type: integer 
	Parameter vbp bound to: 31 - type: integer 
	Parameter vfp bound to: 511 - type: integer 
INFO: [Synth 8-256] done synthesizing module 'VGA_VHDL' (6#1) [C:/Users/Ahiezer/Documents/GitHub/ECE4304_SPRING_2021_GROUP_E/Lab8_26_Apr_2021/VGA/VGA.srcs/sources_1/new/VGA_VHDL.vhd:75]
	Parameter hbp bound to: 144 - type: integer 
	Parameter vbp bound to: 31 - type: integer 
	Parameter W bound to: 32 - type: integer 
	Parameter H bound to: 16 - type: integer 
	Parameter width bound to: 8 - type: integer 
	Parameter depth bound to: 4 - type: integer 
INFO: [Synth 8-3491] module 'vga_initials' declared at 'C:/Users/Ahiezer/Documents/GitHub/ECE4304_SPRING_2021_GROUP_E/Lab8_26_Apr_2021/VGA/VGA.srcs/sources_1/new/VGA_INITIALS.vhd:18' bound to instance 'INIT' of component 'vga_initials' [C:/Users/Ahiezer/Documents/GitHub/ECE4304_SPRING_2021_GROUP_E/Lab8_26_Apr_2021/VGA/VGA.srcs/sources_1/new/vga_initials_top.vhd:175]
INFO: [Synth 8-638] synthesizing module 'vga_initials' [C:/Users/Ahiezer/Documents/GitHub/ECE4304_SPRING_2021_GROUP_E/Lab8_26_Apr_2021/VGA/VGA.srcs/sources_1/new/VGA_INITIALS.vhd:43]
	Parameter hbp bound to: 144 - type: integer 
	Parameter vbp bound to: 31 - type: integer 
	Parameter W bound to: 32 - type: integer 
	Parameter H bound to: 16 - type: integer 
	Parameter width bound to: 8 - type: integer 
	Parameter depth bound to: 4 - type: integer 
	Parameter g_CLKS_PER_BIT bound to: 869 - type: integer 
	Parameter width bound to: 8 - type: integer 
	Parameter depth bound to: 4 - type: integer 
INFO: [Synth 8-3491] module 'UART_RX' declared at 'C:/Users/Ahiezer/Documents/GitHub/ECE4304_SPRING_2021_GROUP_E/Lab8_26_Apr_2021/VGA/VGA.srcs/sources_1/new/UART_RX.vhd:33' bound to instance 'GEN_UART' of component 'UART_RX' [C:/Users/Ahiezer/Documents/GitHub/ECE4304_SPRING_2021_GROUP_E/Lab8_26_Apr_2021/VGA/VGA.srcs/sources_1/new/VGA_INITIALS.vhd:75]
INFO: [Synth 8-638] synthesizing module 'UART_RX' [C:/Users/Ahiezer/Documents/GitHub/ECE4304_SPRING_2021_GROUP_E/Lab8_26_Apr_2021/VGA/VGA.srcs/sources_1/new/UART_RX.vhd:55]
	Parameter g_CLKS_PER_BIT bound to: 869 - type: integer 
	Parameter width bound to: 8 - type: integer 
	Parameter depth bound to: 4 - type: integer 
	Parameter g_WIDTH bound to: 8 - type: integer 
	Parameter g_DEPTH bound to: 4 - type: integer 
INFO: [Synth 8-3491] module 'module_fifo_regs_no_flags' declared at 'C:/Users/Ahiezer/Documents/GitHub/ECE4304_SPRING_2021_GROUP_E/Lab8_26_Apr_2021/VGA/VGA.srcs/sources_1/new/FIFO.vhd:26' bound to instance 'GEN_FIFO_A' of component 'module_fifo_regs_no_flags' [C:/Users/Ahiezer/Documents/GitHub/ECE4304_SPRING_2021_GROUP_E/Lab8_26_Apr_2021/VGA/VGA.srcs/sources_1/new/UART_RX.vhd:109]
INFO: [Synth 8-638] synthesizing module 'module_fifo_regs_no_flags' [C:/Users/Ahiezer/Documents/GitHub/ECE4304_SPRING_2021_GROUP_E/Lab8_26_Apr_2021/VGA/VGA.srcs/sources_1/new/FIFO.vhd:47]
	Parameter g_WIDTH bound to: 8 - type: integer 
	Parameter g_DEPTH bound to: 4 - type: integer 
INFO: [Synth 8-256] done synthesizing module 'module_fifo_regs_no_flags' (7#1) [C:/Users/Ahiezer/Documents/GitHub/ECE4304_SPRING_2021_GROUP_E/Lab8_26_Apr_2021/VGA/VGA.srcs/sources_1/new/FIFO.vhd:47]
WARNING: [Synth 8-614] signal 'o_RX_DV' is read in the process but is not in the sensitivity list [C:/Users/Ahiezer/Documents/GitHub/ECE4304_SPRING_2021_GROUP_E/Lab8_26_Apr_2021/VGA/VGA.srcs/sources_1/new/UART_RX.vhd:123]
	Parameter g_WIDTH bound to: 8 - type: integer 
	Parameter g_DEPTH bound to: 4 - type: integer 
INFO: [Synth 8-3491] module 'module_fifo_regs_no_flags' declared at 'C:/Users/Ahiezer/Documents/GitHub/ECE4304_SPRING_2021_GROUP_E/Lab8_26_Apr_2021/VGA/VGA.srcs/sources_1/new/FIFO.vhd:26' bound to instance 'GEN_FIFO_B' of component 'module_fifo_regs_no_flags' [C:/Users/Ahiezer/Documents/GitHub/ECE4304_SPRING_2021_GROUP_E/Lab8_26_Apr_2021/VGA/VGA.srcs/sources_1/new/UART_RX.vhd:133]
INFO: [Synth 8-256] done synthesizing module 'UART_RX' (8#1) [C:/Users/Ahiezer/Documents/GitHub/ECE4304_SPRING_2021_GROUP_E/Lab8_26_Apr_2021/VGA/VGA.srcs/sources_1/new/UART_RX.vhd:55]
INFO: [Synth 8-226] default block is never used [C:/Users/Ahiezer/Documents/GitHub/ECE4304_SPRING_2021_GROUP_E/Lab8_26_Apr_2021/VGA/VGA.srcs/sources_1/new/VGA_INITIALS.vhd:143]
INFO: [Synth 8-226] default block is never used [C:/Users/Ahiezer/Documents/GitHub/ECE4304_SPRING_2021_GROUP_E/Lab8_26_Apr_2021/VGA/VGA.srcs/sources_1/new/VGA_INITIALS.vhd:151]
INFO: [Synth 8-226] default block is never used [C:/Users/Ahiezer/Documents/GitHub/ECE4304_SPRING_2021_GROUP_E/Lab8_26_Apr_2021/VGA/VGA.srcs/sources_1/new/VGA_INITIALS.vhd:159]
INFO: [Synth 8-256] done synthesizing module 'vga_initials' (9#1) [C:/Users/Ahiezer/Documents/GitHub/ECE4304_SPRING_2021_GROUP_E/Lab8_26_Apr_2021/VGA/VGA.srcs/sources_1/new/VGA_INITIALS.vhd:43]
	Parameter DEPTH bound to: 16 - type: integer 
	Parameter DATA_SIZE bound to: 32 - type: integer 
INFO: [Synth 8-3491] module 'PROM_IMG' declared at 'C:/Users/Ahiezer/Documents/GitHub/ECE4304_SPRING_2021_GROUP_E/Lab8_26_Apr_2021/VGA/VGA.srcs/sources_1/new/PROM_IMG.vhd:39' bound to instance 'PROM' of component 'PROM_IMG' [C:/Users/Ahiezer/Documents/GitHub/ECE4304_SPRING_2021_GROUP_E/Lab8_26_Apr_2021/VGA/VGA.srcs/sources_1/new/vga_initials_top.vhd:101]
INFO: [Synth 8-638] synthesizing module 'PROM_IMG' [C:/Users/Ahiezer/Documents/GitHub/ECE4304_SPRING_2021_GROUP_E/Lab8_26_Apr_2021/VGA/VGA.srcs/sources_1/new/PROM_IMG.vhd:48]
	Parameter DEPTH bound to: 16 - type: integer 
	Parameter DATA_SIZE bound to: 32 - type: integer 
INFO: [Synth 8-256] done synthesizing module 'PROM_IMG' (10#1) [C:/Users/Ahiezer/Documents/GitHub/ECE4304_SPRING_2021_GROUP_E/Lab8_26_Apr_2021/VGA/VGA.srcs/sources_1/new/PROM_IMG.vhd:48]
INFO: [Synth 8-256] done synthesizing module 'vga_initials_top' (11#1) [C:/Users/Ahiezer/Documents/GitHub/ECE4304_SPRING_2021_GROUP_E/Lab8_26_Apr_2021/VGA/VGA.srcs/sources_1/new/vga_initials_top.vhd:65]
---------------------------------------------------------------------------------
Finished RTL Elaboration : Time (s): cpu = 00:00:05 ; elapsed = 00:00:05 . Memory (MB): peak = 2871.613 ; gain = 285.258
---------------------------------------------------------------------------------

Report Check Netlist: 
+------+------------------+-------+---------+-------+------------------+
|      |Item              |Errors |Warnings |Status |Description       |
+------+------------------+-------+---------+-------+------------------+
|1     |multi_driven_nets |      0|        0|Passed |Multi driven nets |
+------+------------------+-------+---------+-------+------------------+
---------------------------------------------------------------------------------
Start Handling Custom Attributes
---------------------------------------------------------------------------------
---------------------------------------------------------------------------------
Finished Handling Custom Attributes : Time (s): cpu = 00:00:06 ; elapsed = 00:00:06 . Memory (MB): peak = 2889.543 ; gain = 303.188
---------------------------------------------------------------------------------
---------------------------------------------------------------------------------
Finished RTL Optimization Phase 1 : Time (s): cpu = 00:00:06 ; elapsed = 00:00:06 . Memory (MB): peak = 2889.543 ; gain = 303.188
---------------------------------------------------------------------------------
Netlist sorting complete. Time (s): cpu = 00:00:00 ; elapsed = 00:00:00.007 . Memory (MB): peak = 2901.570 ; gain = 0.000
INFO: [Netlist 29-17] Analyzing 1 Unisim elements for replacement
INFO: [Netlist 29-28] Unisim Transformation completed in 0 CPU seconds
INFO: [Project 1-570] Preparing netlist for logic optimization
INFO: [Opt 31-140] Inserted 1 IBUFs to IO ports without IO buffers.

Processing XDC Constraints
Initializing timing engine
Parsing XDC File [c:/Users/Ahiezer/Documents/GitHub/ECE4304_SPRING_2021_GROUP_E/Lab8_26_Apr_2021/VGA/VGA.srcs/sources_1/ip/clk_wiz_0/clk_wiz_0_board.xdc] for cell 'CLK_GEN_PLL/inst'
Finished Parsing XDC File [c:/Users/Ahiezer/Documents/GitHub/ECE4304_SPRING_2021_GROUP_E/Lab8_26_Apr_2021/VGA/VGA.srcs/sources_1/ip/clk_wiz_0/clk_wiz_0_board.xdc] for cell 'CLK_GEN_PLL/inst'
Parsing XDC File [c:/Users/Ahiezer/Documents/GitHub/ECE4304_SPRING_2021_GROUP_E/Lab8_26_Apr_2021/VGA/VGA.srcs/sources_1/ip/clk_wiz_0/clk_wiz_0.xdc] for cell 'CLK_GEN_PLL/inst'
Finished Parsing XDC File [c:/Users/Ahiezer/Documents/GitHub/ECE4304_SPRING_2021_GROUP_E/Lab8_26_Apr_2021/VGA/VGA.srcs/sources_1/ip/clk_wiz_0/clk_wiz_0.xdc] for cell 'CLK_GEN_PLL/inst'
INFO: [Project 1-236] Implementation specific constraints were found while reading constraint file [c:/Users/Ahiezer/Documents/GitHub/ECE4304_SPRING_2021_GROUP_E/Lab8_26_Apr_2021/VGA/VGA.srcs/sources_1/ip/clk_wiz_0/clk_wiz_0.xdc]. These constraints will be ignored for synthesis but will be used in implementation. Impacted constraints are listed in the file [.Xil/vga_initials_top_propImpl.xdc].
Resolution: To avoid this warning, move constraints listed in [.Xil/vga_initials_top_propImpl.xdc] to another XDC file and exclude this new file from synthesis with the used_in_synthesis property (File Properties dialog in GUI) and re-run elaboration/synthesis.
INFO: [Timing 38-2] Deriving generated clocks
Parsing XDC File [C:/Users/Ahiezer/Documents/GitHub/ECE4304_SPRING_2021_GROUP_E/Nexys A7-100T.xdc]
Finished Parsing XDC File [C:/Users/Ahiezer/Documents/GitHub/ECE4304_SPRING_2021_GROUP_E/Nexys A7-100T.xdc]
Completed Processing XDC Constraints

INFO: [Opt 31-138] Pushed 0 inverter(s) to 0 load pin(s).
Netlist sorting complete. Time (s): cpu = 00:00:00 ; elapsed = 00:00:00 . Memory (MB): peak = 2994.543 ; gain = 0.000
INFO: [Project 1-111] Unisim Transformation Summary:
No Unisim elements were transformed.

RTL Elaboration Complete:  : Time (s): cpu = 00:00:16 ; elapsed = 00:00:11 . Memory (MB): peak = 3021.336 ; gain = 434.980
41 Infos, 1 Warnings, 0 Critical Warnings and 0 Errors encountered.
synth_design completed successfully
synth_design: Time (s): cpu = 00:00:24 ; elapsed = 00:00:20 . Memory (MB): peak = 3021.336 ; gain = 699.805
open_hw_manager
connect_hw_server -allow_non_jtag
INFO: [Labtools 27-2285] Connecting to hw_server url TCP:localhost:3121
INFO: [Labtools 27-2222] Launching hw_server...
INFO: [Labtools 27-2221] Launch Output:

****** Xilinx hw_server v2019.2
  **** Build date : Nov  6 2019 at 22:12:23
    ** Copyright 1986-2019 Xilinx, Inc. All Rights Reserved.


INFO: [Labtools 27-3415] Connecting to cs_server url TCP:localhost:3042
INFO: [Labtools 27-3417] Launching cs_server...
INFO: [Labtools 27-2221] Launch Output:


****** Xilinx cs_server v2019.2.0
  **** Build date : Nov 06 2019-21:28:22
    ** Copyright 2017-2019 Xilinx, Inc. All Rights Reserved.



connect_hw_server: Time (s): cpu = 00:00:00 ; elapsed = 00:00:07 . Memory (MB): peak = 3038.254 ; gain = 0.000
open_hw_target
INFO: [Labtoolstcl 44-466] Opening hw_target localhost:3121/xilinx_tcf/Digilent/210292AE2358A
set_property PROGRAM.FILE {C:/Users/Ahiezer/Documents/GitHub/ECE4304_SPRING_2021_GROUP_E/Lab8_26_Apr_2021/VGA/VGA.runs/impl_1/vga_initials_top.bit} [get_hw_devices xc7a100t_0]
current_hw_device [get_hw_devices xc7a100t_0]
refresh_hw_device -update_hw_probes false [lindex [get_hw_devices xc7a100t_0] 0]
INFO: [Labtools 27-1434] Device xc7a100t (JTAG device index = 0) is programmed with a design that has no supported debug core(s) in it.
set_property PROBES.FILE {} [get_hw_devices xc7a100t_0]
set_property FULL_PROBES.FILE {} [get_hw_devices xc7a100t_0]
set_property PROGRAM.FILE {C:/Users/Ahiezer/Documents/GitHub/ECE4304_SPRING_2021_GROUP_E/Lab8_26_Apr_2021/VGA/VGA.runs/impl_1/vga_initials_top.bit} [get_hw_devices xc7a100t_0]
program_hw_devices [get_hw_devices xc7a100t_0]
INFO: [Labtools 27-3164] End of startup status: HIGH
refresh_hw_device [lindex [get_hw_devices xc7a100t_0] 0]
INFO: [Labtools 27-1434] Device xc7a100t (JTAG device index = 0) is programmed with a design that has no supported debug core(s) in it.
close_hw_manager
close [ open C:/Users/Ahiezer/Documents/GitHub/ECE4304_SPRING_2021_GROUP_E/Lab8_26_Apr_2021/VGA/VGA.srcs/sources_1/new/Seven_Seg.vhd w ]
add_files C:/Users/Ahiezer/Documents/GitHub/ECE4304_SPRING_2021_GROUP_E/Lab8_26_Apr_2021/VGA/VGA.srcs/sources_1/new/Seven_Seg.vhd
update_compile_order -fileset sources_1
update_compile_order -fileset sources_1
close_design
reset_run synth_1
launch_runs impl_1 -to_step write_bitstream -jobs 4
[Sun Apr 25 18:28:51 2021] Launched synth_1...
Run output will be captured here: C:/Users/Ahiezer/Documents/GitHub/ECE4304_SPRING_2021_GROUP_E/Lab8_26_Apr_2021/VGA/VGA.runs/synth_1/runme.log
[Sun Apr 25 18:28:52 2021] Launched impl_1...
Run output will be captured here: C:/Users/Ahiezer/Documents/GitHub/ECE4304_SPRING_2021_GROUP_E/Lab8_26_Apr_2021/VGA/VGA.runs/impl_1/runme.log
open_hw_manager
connect_hw_server -allow_non_jtag
INFO: [Labtools 27-2285] Connecting to hw_server url TCP:localhost:3121
INFO: [Labtools 27-2222] Launching hw_server...
INFO: [Labtools 27-2221] Launch Output:

****** Xilinx hw_server v2019.2
  **** Build date : Nov  6 2019 at 22:12:23
    ** Copyright 1986-2019 Xilinx, Inc. All Rights Reserved.


INFO: [Labtools 27-3415] Connecting to cs_server url TCP:localhost:3042
INFO: [Labtools 27-3417] Launching cs_server...
INFO: [Labtools 27-2221] Launch Output:


****** Xilinx cs_server v2019.2.0
  **** Build date : Nov 06 2019-21:28:22
    ** Copyright 2017-2019 Xilinx, Inc. All Rights Reserved.



connect_hw_server: Time (s): cpu = 00:00:02 ; elapsed = 00:00:13 . Memory (MB): peak = 3311.086 ; gain = 0.000
open_hw_target
INFO: [Labtoolstcl 44-466] Opening hw_target localhost:3121/xilinx_tcf/Digilent/210292AE2358A
set_property PROGRAM.FILE {C:/Users/Ahiezer/Documents/GitHub/ECE4304_SPRING_2021_GROUP_E/Lab8_26_Apr_2021/VGA/VGA.runs/impl_1/vga_initials_top.bit} [get_hw_devices xc7a100t_0]
current_hw_device [get_hw_devices xc7a100t_0]
refresh_hw_device -update_hw_probes false [lindex [get_hw_devices xc7a100t_0] 0]
INFO: [Labtools 27-1434] Device xc7a100t (JTAG device index = 0) is programmed with a design that has no supported debug core(s) in it.
set_property PROBES.FILE {} [get_hw_devices xc7a100t_0]
set_property FULL_PROBES.FILE {} [get_hw_devices xc7a100t_0]
set_property PROGRAM.FILE {C:/Users/Ahiezer/Documents/GitHub/ECE4304_SPRING_2021_GROUP_E/Lab8_26_Apr_2021/VGA/VGA.runs/impl_1/vga_initials_top.bit} [get_hw_devices xc7a100t_0]
program_hw_devices [get_hw_devices xc7a100t_0]
INFO: [Labtools 27-3164] End of startup status: HIGH
refresh_hw_device [lindex [get_hw_devices xc7a100t_0] 0]
INFO: [Labtools 27-1434] Device xc7a100t (JTAG device index = 0) is programmed with a design that has no supported debug core(s) in it.
set_property PROBES.FILE {} [get_hw_devices xc7a100t_0]
set_property FULL_PROBES.FILE {} [get_hw_devices xc7a100t_0]
set_property PROGRAM.FILE {C:/Users/Ahiezer/Documents/GitHub/ECE4304_SPRING_2021_GROUP_E/Lab8_26_Apr_2021/VGA/VGA.runs/impl_1/vga_initials_top.bit} [get_hw_devices xc7a100t_0]
program_hw_devices [get_hw_devices xc7a100t_0]
INFO: [Labtools 27-3164] End of startup status: HIGH
refresh_hw_device [lindex [get_hw_devices xc7a100t_0] 0]
INFO: [Labtools 27-1434] Device xc7a100t (JTAG device index = 0) is programmed with a design that has no supported debug core(s) in it.
reset_run synth_1
launch_runs impl_1 -to_step write_bitstream -jobs 4
[Sun Apr 25 18:40:31 2021] Launched synth_1...
Run output will be captured here: C:/Users/Ahiezer/Documents/GitHub/ECE4304_SPRING_2021_GROUP_E/Lab8_26_Apr_2021/VGA/VGA.runs/synth_1/runme.log
[Sun Apr 25 18:40:31 2021] Launched impl_1...
Run output will be captured here: C:/Users/Ahiezer/Documents/GitHub/ECE4304_SPRING_2021_GROUP_E/Lab8_26_Apr_2021/VGA/VGA.runs/impl_1/runme.log
set_property PROBES.FILE {} [get_hw_devices xc7a100t_0]
set_property FULL_PROBES.FILE {} [get_hw_devices xc7a100t_0]
set_property PROGRAM.FILE {C:/Users/Ahiezer/Documents/GitHub/ECE4304_SPRING_2021_GROUP_E/Lab8_26_Apr_2021/VGA/VGA.runs/impl_1/vga_initials_top.bit} [get_hw_devices xc7a100t_0]
program_hw_devices [get_hw_devices xc7a100t_0]
INFO: [Labtools 27-3164] End of startup status: HIGH
refresh_hw_device [lindex [get_hw_devices xc7a100t_0] 0]
INFO: [Labtools 27-1434] Device xc7a100t (JTAG device index = 0) is programmed with a design that has no supported debug core(s) in it.
set_property PROBES.FILE {} [get_hw_devices xc7a100t_0]
set_property FULL_PROBES.FILE {} [get_hw_devices xc7a100t_0]
set_property PROGRAM.FILE {C:/Users/Ahiezer/Documents/GitHub/ECE4304_SPRING_2021_GROUP_E/Lab8_26_Apr_2021/VGA/VGA.runs/impl_1/vga_initials_top.bit} [get_hw_devices xc7a100t_0]
program_hw_devices [get_hw_devices xc7a100t_0]
INFO: [Labtools 27-3164] End of startup status: HIGH
refresh_hw_device [lindex [get_hw_devices xc7a100t_0] 0]
INFO: [Labtools 27-1434] Device xc7a100t (JTAG device index = 0) is programmed with a design that has no supported debug core(s) in it.
set_property PROBES.FILE {} [get_hw_devices xc7a100t_0]
set_property FULL_PROBES.FILE {} [get_hw_devices xc7a100t_0]
set_property PROGRAM.FILE {C:/Users/Ahiezer/Documents/GitHub/ECE4304_SPRING_2021_GROUP_E/Lab8_26_Apr_2021/VGA/VGA.runs/impl_1/vga_initials_top.bit} [get_hw_devices xc7a100t_0]
program_hw_devices [get_hw_devices xc7a100t_0]
INFO: [Labtools 27-3164] End of startup status: HIGH
refresh_hw_device [lindex [get_hw_devices xc7a100t_0] 0]
INFO: [Labtools 27-1434] Device xc7a100t (JTAG device index = 0) is programmed with a design that has no supported debug core(s) in it.
set_property PROBES.FILE {} [get_hw_devices xc7a100t_0]
set_property FULL_PROBES.FILE {} [get_hw_devices xc7a100t_0]
set_property PROGRAM.FILE {C:/Users/Ahiezer/Documents/GitHub/ECE4304_SPRING_2021_GROUP_E/Lab8_26_Apr_2021/VGA/VGA.runs/impl_1/vga_initials_top.bit} [get_hw_devices xc7a100t_0]
program_hw_devices [get_hw_devices xc7a100t_0]
INFO: [Labtools 27-3164] End of startup status: HIGH
refresh_hw_device [lindex [get_hw_devices xc7a100t_0] 0]
INFO: [Labtools 27-1434] Device xc7a100t (JTAG device index = 0) is programmed with a design that has no supported debug core(s) in it.
set_property PROBES.FILE {} [get_hw_devices xc7a100t_0]
set_property FULL_PROBES.FILE {} [get_hw_devices xc7a100t_0]
set_property PROGRAM.FILE {C:/Users/Ahiezer/Documents/GitHub/ECE4304_SPRING_2021_GROUP_E/Lab8_26_Apr_2021/VGA/VGA.runs/impl_1/vga_initials_top.bit} [get_hw_devices xc7a100t_0]
program_hw_devices [get_hw_devices xc7a100t_0]
INFO: [Labtools 27-3164] End of startup status: HIGH
refresh_hw_device [lindex [get_hw_devices xc7a100t_0] 0]
INFO: [Labtools 27-1434] Device xc7a100t (JTAG device index = 0) is programmed with a design that has no supported debug core(s) in it.
set_property PROBES.FILE {} [get_hw_devices xc7a100t_0]
set_property FULL_PROBES.FILE {} [get_hw_devices xc7a100t_0]
set_property PROGRAM.FILE {C:/Users/Ahiezer/Documents/GitHub/ECE4304_SPRING_2021_GROUP_E/Lab8_26_Apr_2021/VGA/VGA.runs/impl_1/vga_initials_top.bit} [get_hw_devices xc7a100t_0]
program_hw_devices [get_hw_devices xc7a100t_0]
INFO: [Labtools 27-3164] End of startup status: HIGH
refresh_hw_device [lindex [get_hw_devices xc7a100t_0] 0]
INFO: [Labtools 27-1434] Device xc7a100t (JTAG device index = 0) is programmed with a design that has no supported debug core(s) in it.
set_property PROBES.FILE {} [get_hw_devices xc7a100t_0]
set_property FULL_PROBES.FILE {} [get_hw_devices xc7a100t_0]
set_property PROGRAM.FILE {C:/Users/Ahiezer/Documents/GitHub/ECE4304_SPRING_2021_GROUP_E/Lab8_26_Apr_2021/VGA/VGA.runs/impl_1/vga_initials_top.bit} [get_hw_devices xc7a100t_0]
program_hw_devices [get_hw_devices xc7a100t_0]
INFO: [Labtools 27-3164] End of startup status: HIGH
refresh_hw_device [lindex [get_hw_devices xc7a100t_0] 0]
INFO: [Labtools 27-1434] Device xc7a100t (JTAG device index = 0) is programmed with a design that has no supported debug core(s) in it.
set_property PROBES.FILE {} [get_hw_devices xc7a100t_0]
set_property FULL_PROBES.FILE {} [get_hw_devices xc7a100t_0]
set_property PROGRAM.FILE {C:/Users/Ahiezer/Documents/GitHub/ECE4304_SPRING_2021_GROUP_E/Lab8_26_Apr_2021/VGA/VGA.runs/impl_1/vga_initials_top.bit} [get_hw_devices xc7a100t_0]
program_hw_devices [get_hw_devices xc7a100t_0]
INFO: [Labtools 27-3164] End of startup status: HIGH
refresh_hw_device [lindex [get_hw_devices xc7a100t_0] 0]
INFO: [Labtools 27-1434] Device xc7a100t (JTAG device index = 0) is programmed with a design that has no supported debug core(s) in it.
set_property PROBES.FILE {} [get_hw_devices xc7a100t_0]
set_property FULL_PROBES.FILE {} [get_hw_devices xc7a100t_0]
set_property PROGRAM.FILE {C:/Users/Ahiezer/Documents/GitHub/ECE4304_SPRING_2021_GROUP_E/Lab8_26_Apr_2021/VGA/VGA.runs/impl_1/vga_initials_top.bit} [get_hw_devices xc7a100t_0]
program_hw_devices [get_hw_devices xc7a100t_0]
INFO: [Labtools 27-3164] End of startup status: HIGH
refresh_hw_device [lindex [get_hw_devices xc7a100t_0] 0]
INFO: [Labtools 27-1434] Device xc7a100t (JTAG device index = 0) is programmed with a design that has no supported debug core(s) in it.
set_property PROBES.FILE {} [get_hw_devices xc7a100t_0]
set_property FULL_PROBES.FILE {} [get_hw_devices xc7a100t_0]
set_property PROGRAM.FILE {C:/Users/Ahiezer/Documents/GitHub/ECE4304_SPRING_2021_GROUP_E/Lab8_26_Apr_2021/VGA/VGA.runs/impl_1/vga_initials_top.bit} [get_hw_devices xc7a100t_0]
program_hw_devices [get_hw_devices xc7a100t_0]
INFO: [Labtools 27-3164] End of startup status: HIGH
refresh_hw_device [lindex [get_hw_devices xc7a100t_0] 0]
INFO: [Labtools 27-1434] Device xc7a100t (JTAG device index = 0) is programmed with a design that has no supported debug core(s) in it.
set_property PROBES.FILE {} [get_hw_devices xc7a100t_0]
set_property FULL_PROBES.FILE {} [get_hw_devices xc7a100t_0]
set_property PROGRAM.FILE {C:/Users/Ahiezer/Documents/GitHub/ECE4304_SPRING_2021_GROUP_E/Lab8_26_Apr_2021/VGA/VGA.runs/impl_1/vga_initials_top.bit} [get_hw_devices xc7a100t_0]
program_hw_devices [get_hw_devices xc7a100t_0]
INFO: [Labtools 27-3164] End of startup status: HIGH
refresh_hw_device [lindex [get_hw_devices xc7a100t_0] 0]
INFO: [Labtools 27-1434] Device xc7a100t (JTAG device index = 0) is programmed with a design that has no supported debug core(s) in it.
close_hw_manager
update_compile_order -fileset sources_1
update_compile_order -fileset sources_1
reset_run synth_1
launch_runs impl_1 -to_step write_bitstream -jobs 4
[Sun Apr 25 19:39:47 2021] Launched synth_1...
Run output will be captured here: C:/Users/Ahiezer/Documents/GitHub/ECE4304_SPRING_2021_GROUP_E/Lab8_26_Apr_2021/VGA/VGA.runs/synth_1/runme.log
[Sun Apr 25 19:39:47 2021] Launched impl_1...
Run output will be captured here: C:/Users/Ahiezer/Documents/GitHub/ECE4304_SPRING_2021_GROUP_E/Lab8_26_Apr_2021/VGA/VGA.runs/impl_1/runme.log
reset_run synth_1
launch_runs impl_1 -to_step write_bitstream -jobs 4
[Sun Apr 25 19:41:12 2021] Launched synth_1...
Run output will be captured here: C:/Users/Ahiezer/Documents/GitHub/ECE4304_SPRING_2021_GROUP_E/Lab8_26_Apr_2021/VGA/VGA.runs/synth_1/runme.log
[Sun Apr 25 19:41:12 2021] Launched impl_1...
Run output will be captured here: C:/Users/Ahiezer/Documents/GitHub/ECE4304_SPRING_2021_GROUP_E/Lab8_26_Apr_2021/VGA/VGA.runs/impl_1/runme.log
reset_run synth_1
launch_runs impl_1 -to_step write_bitstream -jobs 4
[Sun Apr 25 19:45:07 2021] Launched synth_1...
Run output will be captured here: C:/Users/Ahiezer/Documents/GitHub/ECE4304_SPRING_2021_GROUP_E/Lab8_26_Apr_2021/VGA/VGA.runs/synth_1/runme.log
[Sun Apr 25 19:45:08 2021] Launched impl_1...
Run output will be captured here: C:/Users/Ahiezer/Documents/GitHub/ECE4304_SPRING_2021_GROUP_E/Lab8_26_Apr_2021/VGA/VGA.runs/impl_1/runme.log
open_run impl_1
Netlist sorting complete. Time (s): cpu = 00:00:00 ; elapsed = 00:00:00.006 . Memory (MB): peak = 4213.410 ; gain = 0.000
INFO: [Netlist 29-17] Analyzing 32 Unisim elements for replacement
INFO: [Netlist 29-28] Unisim Transformation completed in 0 CPU seconds
INFO: [Project 1-479] Netlist was created with Vivado 2019.2
INFO: [Project 1-570] Preparing netlist for logic optimization
INFO: [Timing 38-478] Restoring timing data from binary archive.
INFO: [Timing 38-479] Binary timing data restore complete.
INFO: [Project 1-856] Restoring constraints from binary archive.
INFO: [Project 1-853] Binary constraint restore complete.
Reading XDEF placement.
Reading placer database...
Reading XDEF routing.
Read XDEF File: Time (s): cpu = 00:00:01 ; elapsed = 00:00:00.076 . Memory (MB): peak = 4705.875 ; gain = 0.000
Restored from archive | CPU: 2.000000 secs | Memory: 0.000000 MB |
Finished XDEF File Restore: Time (s): cpu = 00:00:01 ; elapsed = 00:00:00.076 . Memory (MB): peak = 4705.875 ; gain = 0.000
Netlist sorting complete. Time (s): cpu = 00:00:00 ; elapsed = 00:00:00 . Memory (MB): peak = 4705.875 ; gain = 0.000
INFO: [Project 1-111] Unisim Transformation Summary:
  A total of 2 instances were transformed.
  RAM32M => RAM32M (RAMD32(x6), RAMS32(x2)): 2 instances

open_run: Time (s): cpu = 00:00:16 ; elapsed = 00:00:14 . Memory (MB): peak = 4785.113 ; gain = 583.477
synth_design -rtl -name rtl_1
Command: synth_design -rtl -name rtl_1
Starting synth_design
Using part: xc7a100tcsg324-1
Top: vga_initials_top
---------------------------------------------------------------------------------
Starting RTL Elaboration : Time (s): cpu = 00:00:05 ; elapsed = 00:00:05 . Memory (MB): peak = 4848.945 ; gain = 53.758
---------------------------------------------------------------------------------
INFO: [Synth 8-638] synthesizing module 'vga_initials_top' [C:/Users/Ahiezer/Documents/GitHub/ECE4304_SPRING_2021_GROUP_E/Lab8_26_Apr_2021/VGA/VGA.srcs/sources_1/new/vga_initials_top.vhd:69]
	Parameter strip_hpixels bound to: 800 - type: integer 
	Parameter strip_vlines bound to: 512 - type: integer 
	Parameter strip_hbp bound to: 144 - type: integer 
	Parameter strip_hfp bound to: 784 - type: integer 
	Parameter strip_vbp bound to: 31 - type: integer 
	Parameter strip_vfp bound to: 511 - type: integer 
	Parameter top_width bound to: 8 - type: integer 
	Parameter top_depth bound to: 4 - type: integer 
	Parameter top_clk_bits bound to: 869 - type: integer 
INFO: [Synth 8-3491] module 'clk_wiz_0' declared at 'c:/Users/Ahiezer/Documents/GitHub/ECE4304_SPRING_2021_GROUP_E/Lab8_26_Apr_2021/VGA/VGA.srcs/sources_1/ip/clk_wiz_0/clk_wiz_0.v:70' bound to instance 'CLK_GEN_PLL' of component 'clk_wiz_0' [C:/Users/Ahiezer/Documents/GitHub/ECE4304_SPRING_2021_GROUP_E/Lab8_26_Apr_2021/VGA/VGA.srcs/sources_1/new/vga_initials_top.vhd:165]
INFO: [Synth 8-6157] synthesizing module 'clk_wiz_0' [c:/Users/Ahiezer/Documents/GitHub/ECE4304_SPRING_2021_GROUP_E/Lab8_26_Apr_2021/VGA/VGA.srcs/sources_1/ip/clk_wiz_0/clk_wiz_0.v:70]
INFO: [Synth 8-6157] synthesizing module 'clk_wiz_0_clk_wiz' [c:/Users/Ahiezer/Documents/GitHub/ECE4304_SPRING_2021_GROUP_E/Lab8_26_Apr_2021/VGA/VGA.srcs/sources_1/ip/clk_wiz_0/clk_wiz_0_clk_wiz.v:68]
INFO: [Synth 8-6157] synthesizing module 'IBUF' [C:/Xilinx/Vivado/2019.2/scripts/rt/data/unisim_comp.v:32937]
	Parameter CAPACITANCE bound to: DONT_CARE - type: string 
	Parameter IBUF_DELAY_VALUE bound to: 0 - type: string 
	Parameter IBUF_LOW_PWR bound to: TRUE - type: string 
	Parameter IFD_DELAY_VALUE bound to: AUTO - type: string 
	Parameter IOSTANDARD bound to: DEFAULT - type: string 
INFO: [Synth 8-6155] done synthesizing module 'IBUF' (1#1) [C:/Xilinx/Vivado/2019.2/scripts/rt/data/unisim_comp.v:32937]
INFO: [Synth 8-6157] synthesizing module 'PLLE2_ADV' [C:/Xilinx/Vivado/2019.2/scripts/rt/data/unisim_comp.v:61416]
	Parameter BANDWIDTH bound to: OPTIMIZED - type: string 
	Parameter CLKFBOUT_MULT bound to: 64 - type: integer 
	Parameter CLKFBOUT_PHASE bound to: 0.000000 - type: double 
	Parameter CLKIN1_PERIOD bound to: 10.000000 - type: double 
	Parameter CLKIN2_PERIOD bound to: 0.000000 - type: double 
	Parameter CLKOUT0_DIVIDE bound to: 51 - type: integer 
	Parameter CLKOUT0_DUTY_CYCLE bound to: 0.500000 - type: double 
	Parameter CLKOUT0_PHASE bound to: 0.000000 - type: double 
	Parameter CLKOUT1_DIVIDE bound to: 1 - type: integer 
	Parameter CLKOUT1_DUTY_CYCLE bound to: 0.500000 - type: double 
	Parameter CLKOUT1_PHASE bound to: 0.000000 - type: double 
	Parameter CLKOUT2_DIVIDE bound to: 1 - type: integer 
	Parameter CLKOUT2_DUTY_CYCLE bound to: 0.500000 - type: double 
	Parameter CLKOUT2_PHASE bound to: 0.000000 - type: double 
	Parameter CLKOUT3_DIVIDE bound to: 1 - type: integer 
	Parameter CLKOUT3_DUTY_CYCLE bound to: 0.500000 - type: double 
	Parameter CLKOUT3_PHASE bound to: 0.000000 - type: double 
	Parameter CLKOUT4_DIVIDE bound to: 1 - type: integer 
	Parameter CLKOUT4_DUTY_CYCLE bound to: 0.500000 - type: double 
	Parameter CLKOUT4_PHASE bound to: 0.000000 - type: double 
	Parameter CLKOUT5_DIVIDE bound to: 1 - type: integer 
	Parameter CLKOUT5_DUTY_CYCLE bound to: 0.500000 - type: double 
	Parameter CLKOUT5_PHASE bound to: 0.000000 - type: double 
	Parameter COMPENSATION bound to: ZHOLD - type: string 
	Parameter DIVCLK_DIVIDE bound to: 5 - type: integer 
	Parameter IS_CLKINSEL_INVERTED bound to: 1'b0 
	Parameter IS_PWRDWN_INVERTED bound to: 1'b0 
	Parameter IS_RST_INVERTED bound to: 1'b0 
	Parameter REF_JITTER1 bound to: 0.010000 - type: double 
	Parameter REF_JITTER2 bound to: 0.010000 - type: double 
	Parameter STARTUP_WAIT bound to: FALSE - type: string 
INFO: [Synth 8-6155] done synthesizing module 'PLLE2_ADV' (2#1) [C:/Xilinx/Vivado/2019.2/scripts/rt/data/unisim_comp.v:61416]
INFO: [Synth 8-6157] synthesizing module 'BUFG' [C:/Xilinx/Vivado/2019.2/scripts/rt/data/unisim_comp.v:1075]
INFO: [Synth 8-6155] done synthesizing module 'BUFG' (3#1) [C:/Xilinx/Vivado/2019.2/scripts/rt/data/unisim_comp.v:1075]
INFO: [Synth 8-6155] done synthesizing module 'clk_wiz_0_clk_wiz' (4#1) [c:/Users/Ahiezer/Documents/GitHub/ECE4304_SPRING_2021_GROUP_E/Lab8_26_Apr_2021/VGA/VGA.srcs/sources_1/ip/clk_wiz_0/clk_wiz_0_clk_wiz.v:68]
INFO: [Synth 8-6155] done synthesizing module 'clk_wiz_0' (5#1) [c:/Users/Ahiezer/Documents/GitHub/ECE4304_SPRING_2021_GROUP_E/Lab8_26_Apr_2021/VGA/VGA.srcs/sources_1/ip/clk_wiz_0/clk_wiz_0.v:70]
	Parameter hpixels bound to: 800 - type: integer 
	Parameter vlines bound to: 512 - type: integer 
	Parameter hbp bound to: 144 - type: integer 
	Parameter hfp bound to: 784 - type: integer 
	Parameter vbp bound to: 31 - type: integer 
	Parameter vfp bound to: 511 - type: integer 
INFO: [Synth 8-3491] module 'VGA_VHDL' declared at 'C:/Users/Ahiezer/Documents/GitHub/ECE4304_SPRING_2021_GROUP_E/Lab8_26_Apr_2021/VGA/VGA.srcs/sources_1/new/VGA_VHDL.vhd:38' bound to instance 'VGA_DRIVER' of component 'VGA_VHDL' [C:/Users/Ahiezer/Documents/GitHub/ECE4304_SPRING_2021_GROUP_E/Lab8_26_Apr_2021/VGA/VGA.srcs/sources_1/new/vga_initials_top.vhd:175]
INFO: [Synth 8-638] synthesizing module 'VGA_VHDL' [C:/Users/Ahiezer/Documents/GitHub/ECE4304_SPRING_2021_GROUP_E/Lab8_26_Apr_2021/VGA/VGA.srcs/sources_1/new/VGA_VHDL.vhd:75]
	Parameter H_SP bound to: 128 - type: integer 
	Parameter H_BP bound to: 16 - type: integer 
	Parameter H_FP bound to: 16 - type: integer 
	Parameter H_Video bound to: 640 - type: integer 
	Parameter hpixels bound to: 800 - type: integer 
	Parameter hbp bound to: 144 - type: integer 
	Parameter hfp bound to: 784 - type: integer 
	Parameter V_SP bound to: 2 - type: integer 
	Parameter V_BP bound to: 29 - type: integer 
	Parameter V_FP bound to: 10 - type: integer 
	Parameter V_Video bound to: 480 - type: integer 
	Parameter vlines bound to: 512 - type: integer 
	Parameter vbp bound to: 31 - type: integer 
	Parameter vfp bound to: 511 - type: integer 
INFO: [Synth 8-256] done synthesizing module 'VGA_VHDL' (6#1) [C:/Users/Ahiezer/Documents/GitHub/ECE4304_SPRING_2021_GROUP_E/Lab8_26_Apr_2021/VGA/VGA.srcs/sources_1/new/VGA_VHDL.vhd:75]
	Parameter hbp bound to: 144 - type: integer 
	Parameter vbp bound to: 31 - type: integer 
	Parameter W bound to: 32 - type: integer 
	Parameter H bound to: 16 - type: integer 
INFO: [Synth 8-3491] module 'vga_initials' declared at 'C:/Users/Ahiezer/Documents/GitHub/ECE4304_SPRING_2021_GROUP_E/Lab8_26_Apr_2021/VGA/VGA.srcs/sources_1/new/VGA_INITIALS.vhd:36' bound to instance 'INIT' of component 'vga_initials' [C:/Users/Ahiezer/Documents/GitHub/ECE4304_SPRING_2021_GROUP_E/Lab8_26_Apr_2021/VGA/VGA.srcs/sources_1/new/vga_initials_top.vhd:197]
INFO: [Synth 8-638] synthesizing module 'vga_initials' [C:/Users/Ahiezer/Documents/GitHub/ECE4304_SPRING_2021_GROUP_E/Lab8_26_Apr_2021/VGA/VGA.srcs/sources_1/new/VGA_INITIALS.vhd:56]
	Parameter hbp bound to: 144 - type: integer 
	Parameter vbp bound to: 31 - type: integer 
	Parameter W bound to: 32 - type: integer 
	Parameter H bound to: 16 - type: integer 
INFO: [Synth 8-226] default block is never used [C:/Users/Ahiezer/Documents/GitHub/ECE4304_SPRING_2021_GROUP_E/Lab8_26_Apr_2021/VGA/VGA.srcs/sources_1/new/VGA_INITIALS.vhd:100]
INFO: [Synth 8-226] default block is never used [C:/Users/Ahiezer/Documents/GitHub/ECE4304_SPRING_2021_GROUP_E/Lab8_26_Apr_2021/VGA/VGA.srcs/sources_1/new/VGA_INITIALS.vhd:108]
INFO: [Synth 8-226] default block is never used [C:/Users/Ahiezer/Documents/GitHub/ECE4304_SPRING_2021_GROUP_E/Lab8_26_Apr_2021/VGA/VGA.srcs/sources_1/new/VGA_INITIALS.vhd:116]
INFO: [Synth 8-256] done synthesizing module 'vga_initials' (7#1) [C:/Users/Ahiezer/Documents/GitHub/ECE4304_SPRING_2021_GROUP_E/Lab8_26_Apr_2021/VGA/VGA.srcs/sources_1/new/VGA_INITIALS.vhd:56]
	Parameter g_CLKS_PER_BIT bound to: 869 - type: integer 
	Parameter width bound to: 8 - type: integer 
	Parameter depth bound to: 4 - type: integer 
INFO: [Synth 8-3491] module 'UART_RX' declared at 'C:/Users/Ahiezer/Documents/GitHub/ECE4304_SPRING_2021_GROUP_E/Lab8_26_Apr_2021/VGA/VGA.srcs/sources_1/new/UART_RX.vhd:33' bound to instance 'GEN_UART' of component 'UART_RX' [C:/Users/Ahiezer/Documents/GitHub/ECE4304_SPRING_2021_GROUP_E/Lab8_26_Apr_2021/VGA/VGA.srcs/sources_1/new/vga_initials_top.vhd:220]
INFO: [Synth 8-638] synthesizing module 'UART_RX' [C:/Users/Ahiezer/Documents/GitHub/ECE4304_SPRING_2021_GROUP_E/Lab8_26_Apr_2021/VGA/VGA.srcs/sources_1/new/UART_RX.vhd:58]
	Parameter g_CLKS_PER_BIT bound to: 869 - type: integer 
	Parameter width bound to: 8 - type: integer 
	Parameter depth bound to: 4 - type: integer 
	Parameter g_WIDTH bound to: 8 - type: integer 
	Parameter g_DEPTH bound to: 4 - type: integer 
INFO: [Synth 8-3491] module 'module_fifo_regs_no_flags' declared at 'C:/Users/Ahiezer/Documents/GitHub/ECE4304_SPRING_2021_GROUP_E/Lab8_26_Apr_2021/VGA/VGA.srcs/sources_1/new/FIFO.vhd:26' bound to instance 'GEN_FIFO_A' of component 'module_fifo_regs_no_flags' [C:/Users/Ahiezer/Documents/GitHub/ECE4304_SPRING_2021_GROUP_E/Lab8_26_Apr_2021/VGA/VGA.srcs/sources_1/new/UART_RX.vhd:130]
INFO: [Synth 8-638] synthesizing module 'module_fifo_regs_no_flags' [C:/Users/Ahiezer/Documents/GitHub/ECE4304_SPRING_2021_GROUP_E/Lab8_26_Apr_2021/VGA/VGA.srcs/sources_1/new/FIFO.vhd:47]
	Parameter g_WIDTH bound to: 8 - type: integer 
	Parameter g_DEPTH bound to: 4 - type: integer 
INFO: [Synth 8-256] done synthesizing module 'module_fifo_regs_no_flags' (8#1) [C:/Users/Ahiezer/Documents/GitHub/ECE4304_SPRING_2021_GROUP_E/Lab8_26_Apr_2021/VGA/VGA.srcs/sources_1/new/FIFO.vhd:47]
WARNING: [Synth 8-614] signal 'o_RX_DV' is read in the process but is not in the sensitivity list [C:/Users/Ahiezer/Documents/GitHub/ECE4304_SPRING_2021_GROUP_E/Lab8_26_Apr_2021/VGA/VGA.srcs/sources_1/new/UART_RX.vhd:144]
	Parameter g_WIDTH bound to: 8 - type: integer 
	Parameter g_DEPTH bound to: 4 - type: integer 
INFO: [Synth 8-3491] module 'module_fifo_regs_no_flags' declared at 'C:/Users/Ahiezer/Documents/GitHub/ECE4304_SPRING_2021_GROUP_E/Lab8_26_Apr_2021/VGA/VGA.srcs/sources_1/new/FIFO.vhd:26' bound to instance 'GEN_FIFO_B' of component 'module_fifo_regs_no_flags' [C:/Users/Ahiezer/Documents/GitHub/ECE4304_SPRING_2021_GROUP_E/Lab8_26_Apr_2021/VGA/VGA.srcs/sources_1/new/UART_RX.vhd:154]
INFO: [Synth 8-3491] module 'Seven_Seg' declared at 'C:/Users/Ahiezer/Documents/GitHub/ECE4304_SPRING_2021_GROUP_E/Lab8_26_Apr_2021/VGA/VGA.srcs/sources_1/new/Seven_Seg.vhd:16' bound to instance 'GEN_SS' of component 'Seven_Seg' [C:/Users/Ahiezer/Documents/GitHub/ECE4304_SPRING_2021_GROUP_E/Lab8_26_Apr_2021/VGA/VGA.srcs/sources_1/new/UART_RX.vhd:196]
INFO: [Synth 8-638] synthesizing module 'Seven_Seg' [C:/Users/Ahiezer/Documents/GitHub/ECE4304_SPRING_2021_GROUP_E/Lab8_26_Apr_2021/VGA/VGA.srcs/sources_1/new/Seven_Seg.vhd:34]
INFO: [Synth 8-226] default block is never used [C:/Users/Ahiezer/Documents/GitHub/ECE4304_SPRING_2021_GROUP_E/Lab8_26_Apr_2021/VGA/VGA.srcs/sources_1/new/Seven_Seg.vhd:60]
INFO: [Synth 8-226] default block is never used [C:/Users/Ahiezer/Documents/GitHub/ECE4304_SPRING_2021_GROUP_E/Lab8_26_Apr_2021/VGA/VGA.srcs/sources_1/new/Seven_Seg.vhd:85]
WARNING: [Synth 8-3936] Found unconnected internal register 'dout_out_reg' and it is trimmed from '6' to '5' bits. [C:/Users/Ahiezer/Documents/GitHub/ECE4304_SPRING_2021_GROUP_E/Lab8_26_Apr_2021/VGA/VGA.srcs/sources_1/new/Seven_Seg.vhd:62]
INFO: [Synth 8-256] done synthesizing module 'Seven_Seg' (9#1) [C:/Users/Ahiezer/Documents/GitHub/ECE4304_SPRING_2021_GROUP_E/Lab8_26_Apr_2021/VGA/VGA.srcs/sources_1/new/Seven_Seg.vhd:34]
INFO: [Synth 8-256] done synthesizing module 'UART_RX' (10#1) [C:/Users/Ahiezer/Documents/GitHub/ECE4304_SPRING_2021_GROUP_E/Lab8_26_Apr_2021/VGA/VGA.srcs/sources_1/new/UART_RX.vhd:58]
	Parameter DEPTH bound to: 16 - type: integer 
	Parameter DATA_SIZE bound to: 32 - type: integer 
INFO: [Synth 8-3491] module 'PROM_IMG' declared at 'C:/Users/Ahiezer/Documents/GitHub/ECE4304_SPRING_2021_GROUP_E/Lab8_26_Apr_2021/VGA/VGA.srcs/sources_1/new/PROM_IMG.vhd:39' bound to instance 'PROM' of component 'PROM_IMG' [C:/Users/Ahiezer/Documents/GitHub/ECE4304_SPRING_2021_GROUP_E/Lab8_26_Apr_2021/VGA/VGA.srcs/sources_1/new/vga_initials_top.vhd:128]
INFO: [Synth 8-638] synthesizing module 'PROM_IMG' [C:/Users/Ahiezer/Documents/GitHub/ECE4304_SPRING_2021_GROUP_E/Lab8_26_Apr_2021/VGA/VGA.srcs/sources_1/new/PROM_IMG.vhd:48]
	Parameter DEPTH bound to: 16 - type: integer 
	Parameter DATA_SIZE bound to: 32 - type: integer 
INFO: [Synth 8-256] done synthesizing module 'PROM_IMG' (11#1) [C:/Users/Ahiezer/Documents/GitHub/ECE4304_SPRING_2021_GROUP_E/Lab8_26_Apr_2021/VGA/VGA.srcs/sources_1/new/PROM_IMG.vhd:48]
INFO: [Synth 8-256] done synthesizing module 'vga_initials_top' (12#1) [C:/Users/Ahiezer/Documents/GitHub/ECE4304_SPRING_2021_GROUP_E/Lab8_26_Apr_2021/VGA/VGA.srcs/sources_1/new/vga_initials_top.vhd:69]
---------------------------------------------------------------------------------
Finished RTL Elaboration : Time (s): cpu = 00:00:06 ; elapsed = 00:00:06 . Memory (MB): peak = 4883.895 ; gain = 88.707
---------------------------------------------------------------------------------

Report Check Netlist: 
+------+------------------+-------+---------+-------+------------------+
|      |Item              |Errors |Warnings |Status |Description       |
+------+------------------+-------+---------+-------+------------------+
|1     |multi_driven_nets |      0|        0|Passed |Multi driven nets |
+------+------------------+-------+---------+-------+------------------+
---------------------------------------------------------------------------------
Start Handling Custom Attributes
---------------------------------------------------------------------------------
---------------------------------------------------------------------------------
Finished Handling Custom Attributes : Time (s): cpu = 00:00:06 ; elapsed = 00:00:06 . Memory (MB): peak = 4901.836 ; gain = 106.648
---------------------------------------------------------------------------------
---------------------------------------------------------------------------------
Finished RTL Optimization Phase 1 : Time (s): cpu = 00:00:06 ; elapsed = 00:00:06 . Memory (MB): peak = 4901.836 ; gain = 106.648
---------------------------------------------------------------------------------
Netlist sorting complete. Time (s): cpu = 00:00:00 ; elapsed = 00:00:00.008 . Memory (MB): peak = 4901.836 ; gain = 0.000
INFO: [Netlist 29-17] Analyzing 1 Unisim elements for replacement
INFO: [Netlist 29-28] Unisim Transformation completed in 0 CPU seconds
INFO: [Project 1-570] Preparing netlist for logic optimization
INFO: [Opt 31-140] Inserted 1 IBUFs to IO ports without IO buffers.

Processing XDC Constraints
Initializing timing engine
Parsing XDC File [c:/Users/Ahiezer/Documents/GitHub/ECE4304_SPRING_2021_GROUP_E/Lab8_26_Apr_2021/VGA/VGA.srcs/sources_1/ip/clk_wiz_0/clk_wiz_0_board.xdc] for cell 'CLK_GEN_PLL/inst'
Finished Parsing XDC File [c:/Users/Ahiezer/Documents/GitHub/ECE4304_SPRING_2021_GROUP_E/Lab8_26_Apr_2021/VGA/VGA.srcs/sources_1/ip/clk_wiz_0/clk_wiz_0_board.xdc] for cell 'CLK_GEN_PLL/inst'
Parsing XDC File [c:/Users/Ahiezer/Documents/GitHub/ECE4304_SPRING_2021_GROUP_E/Lab8_26_Apr_2021/VGA/VGA.srcs/sources_1/ip/clk_wiz_0/clk_wiz_0.xdc] for cell 'CLK_GEN_PLL/inst'
Finished Parsing XDC File [c:/Users/Ahiezer/Documents/GitHub/ECE4304_SPRING_2021_GROUP_E/Lab8_26_Apr_2021/VGA/VGA.srcs/sources_1/ip/clk_wiz_0/clk_wiz_0.xdc] for cell 'CLK_GEN_PLL/inst'
INFO: [Project 1-236] Implementation specific constraints were found while reading constraint file [c:/Users/Ahiezer/Documents/GitHub/ECE4304_SPRING_2021_GROUP_E/Lab8_26_Apr_2021/VGA/VGA.srcs/sources_1/ip/clk_wiz_0/clk_wiz_0.xdc]. These constraints will be ignored for synthesis but will be used in implementation. Impacted constraints are listed in the file [.Xil/vga_initials_top_propImpl.xdc].
Resolution: To avoid this warning, move constraints listed in [.Xil/vga_initials_top_propImpl.xdc] to another XDC file and exclude this new file from synthesis with the used_in_synthesis property (File Properties dialog in GUI) and re-run elaboration/synthesis.
INFO: [Timing 38-2] Deriving generated clocks
Parsing XDC File [C:/Users/Ahiezer/Documents/GitHub/ECE4304_SPRING_2021_GROUP_E/Nexys A7-100T.xdc]
Finished Parsing XDC File [C:/Users/Ahiezer/Documents/GitHub/ECE4304_SPRING_2021_GROUP_E/Nexys A7-100T.xdc]
Completed Processing XDC Constraints

INFO: [Opt 31-138] Pushed 0 inverter(s) to 0 load pin(s).
Netlist sorting complete. Time (s): cpu = 00:00:00 ; elapsed = 00:00:00 . Memory (MB): peak = 5017.957 ; gain = 0.000
INFO: [Project 1-111] Unisim Transformation Summary:
No Unisim elements were transformed.

RTL Elaboration Complete:  : Time (s): cpu = 00:00:12 ; elapsed = 00:00:10 . Memory (MB): peak = 5017.957 ; gain = 222.770
45 Infos, 2 Warnings, 0 Critical Warnings and 0 Errors encountered.
synth_design completed successfully
synth_design: Time (s): cpu = 00:00:12 ; elapsed = 00:00:10 . Memory (MB): peak = 5017.957 ; gain = 222.770
update_compile_order -fileset sources_1
reset_run synth_1
launch_runs impl_1 -to_step write_bitstream -jobs 4
[Sun Apr 25 19:53:29 2021] Launched synth_1...
Run output will be captured here: C:/Users/Ahiezer/Documents/GitHub/ECE4304_SPRING_2021_GROUP_E/Lab8_26_Apr_2021/VGA/VGA.runs/synth_1/runme.log
[Sun Apr 25 19:53:29 2021] Launched impl_1...
Run output will be captured here: C:/Users/Ahiezer/Documents/GitHub/ECE4304_SPRING_2021_GROUP_E/Lab8_26_Apr_2021/VGA/VGA.runs/impl_1/runme.log
close_design
reset_run synth_1
launch_runs impl_1 -to_step write_bitstream -jobs 4
[Sun Apr 25 19:54:16 2021] Launched synth_1...
Run output will be captured here: C:/Users/Ahiezer/Documents/GitHub/ECE4304_SPRING_2021_GROUP_E/Lab8_26_Apr_2021/VGA/VGA.runs/synth_1/runme.log
[Sun Apr 25 19:54:16 2021] Launched impl_1...
Run output will be captured here: C:/Users/Ahiezer/Documents/GitHub/ECE4304_SPRING_2021_GROUP_E/Lab8_26_Apr_2021/VGA/VGA.runs/impl_1/runme.log
reset_run synth_1
launch_runs impl_1 -to_step write_bitstream -jobs 4
[Sun Apr 25 19:55:16 2021] Launched synth_1...
Run output will be captured here: C:/Users/Ahiezer/Documents/GitHub/ECE4304_SPRING_2021_GROUP_E/Lab8_26_Apr_2021/VGA/VGA.runs/synth_1/runme.log
[Sun Apr 25 19:55:16 2021] Launched impl_1...
Run output will be captured here: C:/Users/Ahiezer/Documents/GitHub/ECE4304_SPRING_2021_GROUP_E/Lab8_26_Apr_2021/VGA/VGA.runs/impl_1/runme.log
reset_run synth_1
launch_runs impl_1 -to_step write_bitstream -jobs 4
[Sun Apr 25 19:55:34 2021] Launched synth_1...
Run output will be captured here: C:/Users/Ahiezer/Documents/GitHub/ECE4304_SPRING_2021_GROUP_E/Lab8_26_Apr_2021/VGA/VGA.runs/synth_1/runme.log
[Sun Apr 25 19:55:34 2021] Launched impl_1...
Run output will be captured here: C:/Users/Ahiezer/Documents/GitHub/ECE4304_SPRING_2021_GROUP_E/Lab8_26_Apr_2021/VGA/VGA.runs/impl_1/runme.log
open_hw_manager
connect_hw_server -allow_non_jtag
INFO: [Labtools 27-2285] Connecting to hw_server url TCP:localhost:3121
INFO: [Labtools 27-2222] Launching hw_server...
INFO: [Labtools 27-2221] Launch Output:

****** Xilinx hw_server v2019.2
  **** Build date : Nov  6 2019 at 22:12:23
    ** Copyright 1986-2019 Xilinx, Inc. All Rights Reserved.


INFO: [Labtools 27-3415] Connecting to cs_server url TCP:localhost:3042
INFO: [Labtools 27-3417] Launching cs_server...
INFO: [Labtools 27-2221] Launch Output:


****** Xilinx cs_server v2019.2.0
  **** Build date : Nov 06 2019-21:28:22
    ** Copyright 2017-2019 Xilinx, Inc. All Rights Reserved.



connect_hw_server: Time (s): cpu = 00:00:01 ; elapsed = 00:00:07 . Memory (MB): peak = 5017.957 ; gain = 0.000
open_hw_target
INFO: [Labtoolstcl 44-466] Opening hw_target localhost:3121/xilinx_tcf/Digilent/210292AE2358A
set_property PROGRAM.FILE {C:/Users/Ahiezer/Documents/GitHub/ECE4304_SPRING_2021_GROUP_E/Lab8_26_Apr_2021/VGA/VGA.runs/impl_1/vga_initials_top.bit} [get_hw_devices xc7a100t_0]
current_hw_device [get_hw_devices xc7a100t_0]
refresh_hw_device -update_hw_probes false [lindex [get_hw_devices xc7a100t_0] 0]
INFO: [Labtools 27-1434] Device xc7a100t (JTAG device index = 0) is programmed with a design that has no supported debug core(s) in it.
set_property PROBES.FILE {} [get_hw_devices xc7a100t_0]
set_property FULL_PROBES.FILE {} [get_hw_devices xc7a100t_0]
set_property PROGRAM.FILE {C:/Users/Ahiezer/Documents/GitHub/ECE4304_SPRING_2021_GROUP_E/Lab8_26_Apr_2021/VGA/VGA.runs/impl_1/vga_initials_top.bit} [get_hw_devices xc7a100t_0]
program_hw_devices [get_hw_devices xc7a100t_0]
INFO: [Labtools 27-3164] End of startup status: HIGH
refresh_hw_device [lindex [get_hw_devices xc7a100t_0] 0]
INFO: [Labtools 27-1434] Device xc7a100t (JTAG device index = 0) is programmed with a design that has no supported debug core(s) in it.
set_property PROBES.FILE {} [get_hw_devices xc7a100t_0]
set_property FULL_PROBES.FILE {} [get_hw_devices xc7a100t_0]
set_property PROGRAM.FILE {C:/Users/Ahiezer/Documents/GitHub/ECE4304_SPRING_2021_GROUP_E/Lab8_26_Apr_2021/VGA/VGA.runs/impl_1/vga_initials_top.bit} [get_hw_devices xc7a100t_0]
program_hw_devices [get_hw_devices xc7a100t_0]
INFO: [Labtools 27-3164] End of startup status: HIGH
refresh_hw_device [lindex [get_hw_devices xc7a100t_0] 0]
INFO: [Labtools 27-1434] Device xc7a100t (JTAG device index = 0) is programmed with a design that has no supported debug core(s) in it.
set_property PROBES.FILE {} [get_hw_devices xc7a100t_0]
set_property FULL_PROBES.FILE {} [get_hw_devices xc7a100t_0]
set_property PROGRAM.FILE {C:/Users/Ahiezer/Documents/GitHub/ECE4304_SPRING_2021_GROUP_E/Lab8_26_Apr_2021/VGA/VGA.runs/impl_1/vga_initials_top.bit} [get_hw_devices xc7a100t_0]
program_hw_devices [get_hw_devices xc7a100t_0]
INFO: [Labtools 27-3164] End of startup status: HIGH
refresh_hw_device [lindex [get_hw_devices xc7a100t_0] 0]
INFO: [Labtools 27-1434] Device xc7a100t (JTAG device index = 0) is programmed with a design that has no supported debug core(s) in it.
ERROR: [Labtoolstcl 44-513] HW Target shutdown. Closing target: localhost:3121/xilinx_tcf/Digilent/210292AE2358A
exit
INFO: [Common 17-206] Exiting Vivado at Sun Apr 25 20:22:21 2021...
