#-----------------------------------------------------------
# Vivado v2019.2 (64-bit)
# SW Build 2708876 on Wed Nov  6 21:40:23 MST 2019
# IP Build 2700528 on Thu Nov  7 00:09:20 MST 2019
# Start of session at: Fri May 28 16:23:01 2021
# Process ID: 12360
# Current directory: C:/Users/Ahiezer/Documents/GitHub/VHDL_Work/Class_Project
# Command line: vivado.exe -gui_launcher_event rodinguilauncherevent18572 C:\Users\Ahiezer\Documents\GitHub\VHDL_Work\Class_Project\Class_Project.xpr
# Log file: C:/Users/Ahiezer/Documents/GitHub/VHDL_Work/Class_Project/vivado.log
# Journal file: C:/Users/Ahiezer/Documents/GitHub/VHDL_Work/Class_Project\vivado.jou
#-----------------------------------------------------------
start_gui
open_project C:/Users/Ahiezer/Documents/GitHub/VHDL_Work/Class_Project/Class_Project.xpr
Scanning sources...
Finished scanning sources
INFO: [IP_Flow 19-234] Refreshing IP repositories
INFO: [IP_Flow 19-1704] No user IP repositories specified
INFO: [IP_Flow 19-2313] Loaded Vivado IP repository 'C:/Xilinx/Vivado/2019.2/data/ip'.
open_project: Time (s): cpu = 00:00:28 ; elapsed = 00:00:11 . Memory (MB): peak = 830.930 ; gain = 183.715
update_compile_order -fileset sources_1
open_hw_manager
exit
INFO: [Common 17-206] Exiting Vivado at Fri May 28 16:23:57 2021...
