#-----------------------------------------------------------
# Vivado v2019.2 (64-bit)
# SW Build 2708876 on Wed Nov  6 21:40:23 MST 2019
# IP Build 2700528 on Thu Nov  7 00:09:20 MST 2019
# Start of session at: Sun Mar 14 17:02:45 2021
# Process ID: 1620
# Current directory: C:/Users/Ahiezer/Documents/GitHub/ECE4304_SPRING_2021_GROUP_E/Lab5_17_Mar_2021/BCD_ALU
# Command line: vivado.exe -gui_launcher_event rodinguilauncherevent22820 C:\Users\Ahiezer\Documents\GitHub\ECE4304_SPRING_2021_GROUP_E\Lab5_17_Mar_2021\BCD_ALU\BCD_ALU.xpr
# Log file: C:/Users/Ahiezer/Documents/GitHub/ECE4304_SPRING_2021_GROUP_E/Lab5_17_Mar_2021/BCD_ALU/vivado.log
# Journal file: C:/Users/Ahiezer/Documents/GitHub/ECE4304_SPRING_2021_GROUP_E/Lab5_17_Mar_2021/BCD_ALU\vivado.jou
#-----------------------------------------------------------
start_gui
open_project C:/Users/Ahiezer/Documents/GitHub/ECE4304_SPRING_2021_GROUP_E/Lab5_17_Mar_2021/BCD_ALU/BCD_ALU.xpr
INFO: [ProjectBase 1-489] The host OS only allows 260 characters in a normal path. The project is stored in a path with more than 80 characters. If you experience issues with IP, Block Designs, or files not being found, please consider moving the project to a location with a shorter path. Alternately consider using the OS subst command to map part of the path to a drive letter.
Current project path is 'C:/Users/Ahiezer/Documents/GitHub/ECE4304_SPRING_2021_GROUP_E/Lab5_17_Mar_2021/BCD_ALU'
Scanning sources...
Finished scanning sources
INFO: [IP_Flow 19-234] Refreshing IP repositories
INFO: [IP_Flow 19-1704] No user IP repositories specified
INFO: [IP_Flow 19-2313] Loaded Vivado IP repository 'C:/Xilinx/Vivado/2019.2/data/ip'.
open_project: Time (s): cpu = 00:00:17 ; elapsed = 00:00:07 . Memory (MB): peak = 755.410 ; gain = 120.312
update_compile_order -fileset sources_1
update_compile_order -fileset sources_1
update_compile_order -fileset sources_1
update_compile_order -fileset sources_1
close [ open C:/Users/Ahiezer/Documents/GitHub/ECE4304_SPRING_2021_GROUP_E/Lab5_17_Mar_2021/BCD_ALU/BCD_ALU.srcs/sources_1/new/FA.vhd w ]
add_files C:/Users/Ahiezer/Documents/GitHub/ECE4304_SPRING_2021_GROUP_E/Lab5_17_Mar_2021/BCD_ALU/BCD_ALU.srcs/sources_1/new/FA.vhd
update_compile_order -fileset sources_1
update_compile_order -fileset sources_1
exit
INFO: [Common 17-206] Exiting Vivado at Sun Mar 14 18:23:00 2021...
