#-----------------------------------------------------------
# Vivado v2019.2 (64-bit)
# SW Build 2708876 on Wed Nov  6 21:40:23 MST 2019
# IP Build 2700528 on Thu Nov  7 00:09:20 MST 2019
# Start of session at: Sun Feb 21 19:13:09 2021
# Process ID: 9620
# Current directory: C:/Users/Ahiezer/Documents/GitHub/ECE4304_SPRING_2021_GROUP_E/Lab3_24_Feb_2021
# Command line: vivado.exe -gui_launcher_event rodinguilauncherevent2936 C:\Users\Ahiezer\Documents\GitHub\ECE4304_SPRING_2021_GROUP_E\Lab3_24_Feb_2021\Lab3_24_Feb_2021.xpr
# Log file: C:/Users/Ahiezer/Documents/GitHub/ECE4304_SPRING_2021_GROUP_E/Lab3_24_Feb_2021/vivado.log
# Journal file: C:/Users/Ahiezer/Documents/GitHub/ECE4304_SPRING_2021_GROUP_E/Lab3_24_Feb_2021\vivado.jou
#-----------------------------------------------------------
start_gui
open_project C:/Users/Ahiezer/Documents/GitHub/ECE4304_SPRING_2021_GROUP_E/Lab3_24_Feb_2021/Lab3_24_Feb_2021.xpr
Scanning sources...
Finished scanning sources
INFO: [IP_Flow 19-234] Refreshing IP repositories
INFO: [IP_Flow 19-1704] No user IP repositories specified
INFO: [IP_Flow 19-2313] Loaded Vivado IP repository 'C:/Xilinx/Vivado/2019.2/data/ip'.
open_project: Time (s): cpu = 00:00:33 ; elapsed = 00:00:17 . Memory (MB): peak = 775.270 ; gain = 122.953
update_compile_order -fileset sources_1
WARNING: [Common 17-9] Error reading message records.
WARNING: [Common 17-9] Error reading message records.
exit
INFO: [Common 17-206] Exiting Vivado at Sun Feb 21 19:18:37 2021...
_E/Lab3_24_Feb_2021/Lab3_24_Feb_2021.runs/synth_1

launch_runs impl_1 -jobs 4
[Sun Feb 21 19:14:43 2021] Launched synth_1...
Run output will be captured here: C:/Users/Ahiezer/Documents/GitHub/ECE4304_SPRING_2021_GROUP_E/Lab3_24_Feb_2021/Lab3_24_Feb_2021.runs/synth_1/runme.log
[Sun Feb 21 19:14:43 2021] Launched impl_1...
Run output will be captured here: C:/Users/Ahiezer/Documents/GitHub/ECE4304_SPRING_2021_GROUP_E/Lab3_24_Feb_2021/Lab3_24_Feb_2021.runs/impl_1/runme.log
exit
INFO: [Common 17-206] Exiting Vivado at Sun Feb 21 19:18:30 2021...
