#-----------------------------------------------------------
# Vivado v2020.2 (64-bit)
# SW Build 3064766 on Wed Nov 18 09:12:45 MST 2020
# IP Build 3064653 on Wed Nov 18 14:17:31 MST 2020
# Start of session at: Mon Feb 22 21:03:01 2021
# Process ID: 13236
# Current directory: C:/Users/china/Documents/GitHub/ECE4304_SPRING_2021_GROUP_E/Lab3_24_Feb_2021
# Command line: vivado.exe -gui_launcher_event rodinguilauncherevent11984 C:\Users\china\Documents\GitHub\ECE4304_SPRING_2021_GROUP_E\Lab3_24_Feb_2021\Lab3_24_Feb_2021.xpr
# Log file: C:/Users/china/Documents/GitHub/ECE4304_SPRING_2021_GROUP_E/Lab3_24_Feb_2021/vivado.log
# Journal file: C:/Users/china/Documents/GitHub/ECE4304_SPRING_2021_GROUP_E/Lab3_24_Feb_2021\vivado.jou
#-----------------------------------------------------------
start_gui
open_project C:/Users/china/Documents/GitHub/ECE4304_SPRING_2021_GROUP_E/Lab3_24_Feb_2021/Lab3_24_Feb_2021.xpr
INFO: [Project 1-313] Project file moved from 'C:/Users/Ahiezer/Documents/GitHub/ECE4304_SPRING_2021_GROUP_E/Lab3_24_Feb_2021' since last save.
Scanning sources...
Finished scanning sources
INFO: [Project 1-230] Project 'Lab3_24_Feb_2021.xpr' upgraded for this version of Vivado.
INFO: [IP_Flow 19-234] Refreshing IP repositories
INFO: [IP_Flow 19-1704] No user IP repositories specified
INFO: [IP_Flow 19-2313] Loaded Vivado IP repository 'E:/Vivado/2020.2/data/ip'.
open_project: Time (s): cpu = 00:00:15 ; elapsed = 00:00:06 . Memory (MB): peak = 1018.848 ; gain = 0.000
update_compile_order -fileset sources_1
<<<<<<< HEAD
exit
INFO: [Common 17-206] Exiting Vivado at Mon Feb 22 21:02:55 2021...
=======
reset_run synth_1
launch_runs impl_1 -to_step write_bitstream -jobs 4
[Mon Feb 22 21:04:01 2021] Launched synth_1...
Run output will be captured here: C:/Users/china/Documents/GitHub/ECE4304_SPRING_2021_GROUP_E/Lab3_24_Feb_2021/Lab3_24_Feb_2021.runs/synth_1/runme.log
[Mon Feb 22 21:04:02 2021] Launched impl_1...
Run output will be captured here: C:/Users/china/Documents/GitHub/ECE4304_SPRING_2021_GROUP_E/Lab3_24_Feb_2021/Lab3_24_Feb_2021.runs/impl_1/runme.log
open_hw_manager
connect_hw_server -allow_non_jtag
INFO: [Labtools 27-2285] Connecting to hw_server url TCP:localhost:3121
INFO: [Labtools 27-2222] Launching hw_server...
INFO: [Labtools 27-2221] Launch Output:

****** Xilinx hw_server v2020.2
  **** Build date : Nov 18 2020 at 10:01:48
    ** Copyright 1986-2020 Xilinx, Inc. All Rights Reserved.


INFO: [Labtools 27-3415] Connecting to cs_server url TCP:localhost:3042
INFO: [Labtools 27-3417] Launching cs_server...
INFO: [Labtools 27-2221] Launch Output:


******** Xilinx cs_server v2020.2
  ****** Build date   : Nov 03 2020-13:02:56
    **** Build number : 2020.2.1604437376
      ** Copyright 2017-2020 Xilinx, Inc. All Rights Reserved.



connect_hw_server: Time (s): cpu = 00:00:01 ; elapsed = 00:00:10 . Memory (MB): peak = 1018.848 ; gain = 0.000
disconnect_hw_server localhost:3121
connect_hw_server -allow_non_jtag
INFO: [Labtools 27-2285] Connecting to hw_server url TCP:localhost:3121
INFO: [Labtools 27-3415] Connecting to cs_server url TCP:localhost:3042
INFO: [Labtools 27-3414] Connected to existing cs_server.
disconnect_hw_server localhost:3121
connect_hw_server -allow_non_jtag
INFO: [Labtools 27-2285] Connecting to hw_server url TCP:localhost:3121
INFO: [Labtools 27-3415] Connecting to cs_server url TCP:localhost:3042
INFO: [Labtools 27-3414] Connected to existing cs_server.
open_hw_target
INFO: [Labtoolstcl 44-466] Opening hw_target localhost:3121/xilinx_tcf/Digilent/210292AD3721A
open_hw_target: Time (s): cpu = 00:00:05 ; elapsed = 00:00:05 . Memory (MB): peak = 2415.258 ; gain = 1396.410
set_property PROGRAM.FILE {C:/Users/china/Documents/GitHub/ECE4304_SPRING_2021_GROUP_E/Lab3_24_Feb_2021/Lab3_24_Feb_2021.runs/impl_1/top.bit} [get_hw_devices xc7a100t_0]
current_hw_device [get_hw_devices xc7a100t_0]
refresh_hw_device -update_hw_probes false [lindex [get_hw_devices xc7a100t_0] 0]
INFO: [Labtools 27-1434] Device xc7a100t (JTAG device index = 0) is programmed with a design that has no supported debug core(s) in it.
set_property PROBES.FILE {} [get_hw_devices xc7a100t_0]
set_property FULL_PROBES.FILE {} [get_hw_devices xc7a100t_0]
set_property PROGRAM.FILE {C:/Users/china/Documents/GitHub/ECE4304_SPRING_2021_GROUP_E/Lab3_24_Feb_2021/Lab3_24_Feb_2021.runs/impl_1/top.bit} [get_hw_devices xc7a100t_0]
program_hw_devices [get_hw_devices xc7a100t_0]
INFO: [Labtools 27-3164] End of startup status: HIGH
refresh_hw_device [lindex [get_hw_devices xc7a100t_0] 0]
INFO: [Labtools 27-1434] Device xc7a100t (JTAG device index = 0) is programmed with a design that has no supported debug core(s) in it.
refresh_hw_device [lindex [get_hw_devices xc7a100t_0] 0]
INFO: [Labtools 27-1434] Device xc7a100t (JTAG device index = 0) is programmed with a design that has no supported debug core(s) in it.
close_hw_manager
reset_run synth_1
launch_runs impl_1 -to_step write_bitstream -jobs 4
[Mon Feb 22 21:10:08 2021] Launched synth_1...
Run output will be captured here: C:/Users/china/Documents/GitHub/ECE4304_SPRING_2021_GROUP_E/Lab3_24_Feb_2021/Lab3_24_Feb_2021.runs/synth_1/runme.log
[Mon Feb 22 21:10:08 2021] Launched impl_1...
Run output will be captured here: C:/Users/china/Documents/GitHub/ECE4304_SPRING_2021_GROUP_E/Lab3_24_Feb_2021/Lab3_24_Feb_2021.runs/impl_1/runme.log
open_hw_manager
connect_hw_server -allow_non_jtag
INFO: [Labtools 27-2285] Connecting to hw_server url TCP:localhost:3121
INFO: [Labtools 27-2222] Launching hw_server...
INFO: [Labtools 27-2221] Launch Output:

****** Xilinx hw_server v2020.2
  **** Build date : Nov 18 2020 at 10:01:48
    ** Copyright 1986-2020 Xilinx, Inc. All Rights Reserved.


INFO: [Labtools 27-3415] Connecting to cs_server url TCP:localhost:3042
INFO: [Labtools 27-3417] Launching cs_server...
INFO: [Labtools 27-2221] Launch Output:


******** Xilinx cs_server v2020.2
  ****** Build date   : Nov 03 2020-13:02:56
    **** Build number : 2020.2.1604437376
      ** Copyright 2017-2020 Xilinx, Inc. All Rights Reserved.



connect_hw_server: Time (s): cpu = 00:00:00 ; elapsed = 00:00:11 . Memory (MB): peak = 2458.891 ; gain = 0.000
open_hw_target
INFO: [Labtoolstcl 44-466] Opening hw_target localhost:3121/xilinx_tcf/Digilent/210292AD3721A
set_property PROGRAM.FILE {C:/Users/china/Documents/GitHub/ECE4304_SPRING_2021_GROUP_E/Lab3_24_Feb_2021/Lab3_24_Feb_2021.runs/impl_1/top.bit} [get_hw_devices xc7a100t_0]
current_hw_device [get_hw_devices xc7a100t_0]
refresh_hw_device -update_hw_probes false [lindex [get_hw_devices xc7a100t_0] 0]
INFO: [Labtools 27-1434] Device xc7a100t (JTAG device index = 0) is programmed with a design that has no supported debug core(s) in it.
set_property PROBES.FILE {} [get_hw_devices xc7a100t_0]
set_property FULL_PROBES.FILE {} [get_hw_devices xc7a100t_0]
set_property PROGRAM.FILE {C:/Users/china/Documents/GitHub/ECE4304_SPRING_2021_GROUP_E/Lab3_24_Feb_2021/Lab3_24_Feb_2021.runs/impl_1/top.bit} [get_hw_devices xc7a100t_0]
program_hw_devices [get_hw_devices xc7a100t_0]
INFO: [Labtools 27-3164] End of startup status: HIGH
refresh_hw_device [lindex [get_hw_devices xc7a100t_0] 0]
INFO: [Labtools 27-1434] Device xc7a100t (JTAG device index = 0) is programmed with a design that has no supported debug core(s) in it.
refresh_hw_device [lindex [get_hw_devices xc7a100t_0] 0]
INFO: [Labtools 27-1434] Device xc7a100t (JTAG device index = 0) is programmed with a design that has no supported debug core(s) in it.
ERROR: [Labtoolstcl 44-513] HW Target shutdown. Closing target: localhost:3121/xilinx_tcf/Digilent/210292AD3721A
INFO: [Labtoolstcl 44-466] Opening hw_target localhost:3121/xilinx_tcf/Digilent/210292AD3721A
INFO: [Labtools 27-1435] Device xc7a100t (JTAG device index = 0) is not programmed (DONE status = 0).
WARNING: [Labtoolstcl 44-129] No matching hw_ila_data was found.
reset_run synth_1
launch_runs impl_1 -to_step write_bitstream -jobs 4
[Mon Feb 22 21:13:27 2021] Launched synth_1...
Run output will be captured here: C:/Users/china/Documents/GitHub/ECE4304_SPRING_2021_GROUP_E/Lab3_24_Feb_2021/Lab3_24_Feb_2021.runs/synth_1/runme.log
[Mon Feb 22 21:13:27 2021] Launched impl_1...
Run output will be captured here: C:/Users/china/Documents/GitHub/ECE4304_SPRING_2021_GROUP_E/Lab3_24_Feb_2021/Lab3_24_Feb_2021.runs/impl_1/runme.log
set_property PROBES.FILE {} [get_hw_devices xc7a100t_0]
set_property FULL_PROBES.FILE {} [get_hw_devices xc7a100t_0]
set_property PROGRAM.FILE {C:/Users/china/Documents/GitHub/ECE4304_SPRING_2021_GROUP_E/Lab3_24_Feb_2021/Lab3_24_Feb_2021.runs/impl_1/top.bit} [get_hw_devices xc7a100t_0]
program_hw_devices [get_hw_devices xc7a100t_0]
INFO: [Labtools 27-3164] End of startup status: HIGH
refresh_hw_device [lindex [get_hw_devices xc7a100t_0] 0]
INFO: [Labtools 27-1434] Device xc7a100t (JTAG device index = 0) is programmed with a design that has no supported debug core(s) in it.
ERROR: [Labtoolstcl 44-513] HW Target shutdown. Closing target: localhost:3121/xilinx_tcf/Digilent/210292AD3721A
INFO: [Labtoolstcl 44-466] Opening hw_target localhost:3121/xilinx_tcf/Digilent/210292AD3721A
INFO: [Labtools 27-1435] Device xc7a100t (JTAG device index = 0) is not programmed (DONE status = 0).
WARNING: [Labtoolstcl 44-129] No matching hw_ila_data was found.
reset_run synth_1
launch_runs impl_1 -to_step write_bitstream -jobs 4
[Mon Feb 22 21:21:44 2021] Launched synth_1...
Run output will be captured here: C:/Users/china/Documents/GitHub/ECE4304_SPRING_2021_GROUP_E/Lab3_24_Feb_2021/Lab3_24_Feb_2021.runs/synth_1/runme.log
[Mon Feb 22 21:21:44 2021] Launched impl_1...
Run output will be captured here: C:/Users/china/Documents/GitHub/ECE4304_SPRING_2021_GROUP_E/Lab3_24_Feb_2021/Lab3_24_Feb_2021.runs/impl_1/runme.log
set_property PROBES.FILE {} [get_hw_devices xc7a100t_0]
set_property FULL_PROBES.FILE {} [get_hw_devices xc7a100t_0]
set_property PROGRAM.FILE {C:/Users/china/Documents/GitHub/ECE4304_SPRING_2021_GROUP_E/Lab3_24_Feb_2021/Lab3_24_Feb_2021.runs/impl_1/top.bit} [get_hw_devices xc7a100t_0]
program_hw_devices [get_hw_devices xc7a100t_0]
INFO: [Labtools 27-3164] End of startup status: HIGH
refresh_hw_device [lindex [get_hw_devices xc7a100t_0] 0]
INFO: [Labtools 27-1434] Device xc7a100t (JTAG device index = 0) is programmed with a design that has no supported debug core(s) in it.
reset_run synth_1
launch_runs impl_1 -to_step write_bitstream -jobs 4
[Mon Feb 22 21:25:24 2021] Launched synth_1...
Run output will be captured here: C:/Users/china/Documents/GitHub/ECE4304_SPRING_2021_GROUP_E/Lab3_24_Feb_2021/Lab3_24_Feb_2021.runs/synth_1/runme.log
[Mon Feb 22 21:25:24 2021] Launched impl_1...
Run output will be captured here: C:/Users/china/Documents/GitHub/ECE4304_SPRING_2021_GROUP_E/Lab3_24_Feb_2021/Lab3_24_Feb_2021.runs/impl_1/runme.log
set_property PROBES.FILE {} [get_hw_devices xc7a100t_0]
set_property FULL_PROBES.FILE {} [get_hw_devices xc7a100t_0]
set_property PROGRAM.FILE {C:/Users/china/Documents/GitHub/ECE4304_SPRING_2021_GROUP_E/Lab3_24_Feb_2021/Lab3_24_Feb_2021.runs/impl_1/top.bit} [get_hw_devices xc7a100t_0]
program_hw_devices [get_hw_devices xc7a100t_0]
INFO: [Labtools 27-3164] End of startup status: HIGH
refresh_hw_device [lindex [get_hw_devices xc7a100t_0] 0]
INFO: [Labtools 27-1434] Device xc7a100t (JTAG device index = 0) is programmed with a design that has no supported debug core(s) in it.
reset_run synth_1
launch_runs impl_1 -to_step write_bitstream -jobs 4
[Mon Feb 22 21:28:51 2021] Launched synth_1...
Run output will be captured here: C:/Users/china/Documents/GitHub/ECE4304_SPRING_2021_GROUP_E/Lab3_24_Feb_2021/Lab3_24_Feb_2021.runs/synth_1/runme.log
[Mon Feb 22 21:28:51 2021] Launched impl_1...
Run output will be captured here: C:/Users/china/Documents/GitHub/ECE4304_SPRING_2021_GROUP_E/Lab3_24_Feb_2021/Lab3_24_Feb_2021.runs/impl_1/runme.log
reset_run synth_1
launch_runs impl_1 -to_step write_bitstream -jobs 4
[Mon Feb 22 21:31:23 2021] Launched synth_1...
Run output will be captured here: C:/Users/china/Documents/GitHub/ECE4304_SPRING_2021_GROUP_E/Lab3_24_Feb_2021/Lab3_24_Feb_2021.runs/synth_1/runme.log
[Mon Feb 22 21:31:23 2021] Launched impl_1...
Run output will be captured here: C:/Users/china/Documents/GitHub/ECE4304_SPRING_2021_GROUP_E/Lab3_24_Feb_2021/Lab3_24_Feb_2021.runs/impl_1/runme.log
set_property PROBES.FILE {} [get_hw_devices xc7a100t_0]
set_property FULL_PROBES.FILE {} [get_hw_devices xc7a100t_0]
set_property PROGRAM.FILE {C:/Users/china/Documents/GitHub/ECE4304_SPRING_2021_GROUP_E/Lab3_24_Feb_2021/Lab3_24_Feb_2021.runs/impl_1/top.bit} [get_hw_devices xc7a100t_0]
program_hw_devices [get_hw_devices xc7a100t_0]
INFO: [Labtools 27-3164] End of startup status: HIGH
refresh_hw_device [lindex [get_hw_devices xc7a100t_0] 0]
INFO: [Labtools 27-1434] Device xc7a100t (JTAG device index = 0) is programmed with a design that has no supported debug core(s) in it.
close_hw_manager
launch_simulation
Command: launch_simulation 
INFO: [Vivado 12-5682] Launching behavioral simulation in 'C:/Users/china/Documents/GitHub/ECE4304_SPRING_2021_GROUP_E/Lab3_24_Feb_2021/Lab3_24_Feb_2021.sim/sim_1/behav/xsim'
INFO: [SIM-utils-51] Simulation object is 'sim_1'
INFO: [SIM-utils-54] Inspecting design source files for 'sim' in fileset 'sim_1'...
INFO: [USF-XSim-97] Finding global include files...
INFO: [USF-XSim-98] Fetching design files from 'sim_1'...
INFO: [USF-XSim-2] XSim::Compile design
INFO: [USF-XSim-61] Executing 'COMPILE and ANALYZE' step in 'C:/Users/china/Documents/GitHub/ECE4304_SPRING_2021_GROUP_E/Lab3_24_Feb_2021/Lab3_24_Feb_2021.sim/sim_1/behav/xsim'
"xvhdl --incr --relax -prj sim_vhdl.prj"
INFO: [VRFC 10-163] Analyzing VHDL file "C:/Users/china/Documents/GitHub/ECE4304_SPRING_2021_GROUP_E/Lab3_24_Feb_2021/Lab3_24_Feb_2021.srcs/sources_1/new/BCD.vhd" into library xil_defaultlib
INFO: [VRFC 10-3107] analyzing entity 'BCD'
INFO: [VRFC 10-163] Analyzing VHDL file "C:/Users/china/Documents/GitHub/ECE4304_SPRING_2021_GROUP_E/Lab3_24_Feb_2021/Lab3_24_Feb_2021.srcs/sources_1/new/SevenSegDecoder.vhd" into library xil_defaultlib
INFO: [VRFC 10-3107] analyzing entity 'SevenSegDecoder'
INFO: [VRFC 10-163] Analyzing VHDL file "C:/Users/china/Documents/GitHub/ECE4304_SPRING_2021_GROUP_E/Lab3_24_Feb_2021/Lab3_24_Feb_2021.srcs/sources_1/new/top.vhd" into library xil_defaultlib
INFO: [VRFC 10-3107] analyzing entity 'top'
INFO: [VRFC 10-163] Analyzing VHDL file "C:/Users/china/Documents/GitHub/ECE4304_SPRING_2021_GROUP_E/Lab3_24_Feb_2021/Lab3_24_Feb_2021.srcs/sim_1/new/sim.vhd" into library xil_defaultlib
INFO: [VRFC 10-3107] analyzing entity 'sim'
INFO: [USF-XSim-69] 'compile' step finished in '1' seconds
INFO: [USF-XSim-3] XSim::Elaborate design
INFO: [USF-XSim-61] Executing 'ELABORATE' step in 'C:/Users/china/Documents/GitHub/ECE4304_SPRING_2021_GROUP_E/Lab3_24_Feb_2021/Lab3_24_Feb_2021.sim/sim_1/behav/xsim'
"xelab -wto 536b774fccd34448a592bd4e4a7c811d --incr --debug typical --relax --mt 2 -L xil_defaultlib -L secureip --snapshot sim_behav xil_defaultlib.sim -log elaborate.log"
Vivado Simulator 2020.2
Copyright 1986-1999, 2001-2020 Xilinx, Inc. All Rights Reserved.
Running: E:/Vivado/2020.2/bin/unwrapped/win64.o/xelab.exe -wto 536b774fccd34448a592bd4e4a7c811d --incr --debug typical --relax --mt 2 -L xil_defaultlib -L secureip --snapshot sim_behav xil_defaultlib.sim -log elaborate.log 
Using 2 slave threads.
Starting static elaboration
Completed static elaboration
Starting simulation data flow analysis
Completed simulation data flow analysis
Time Resolution for simulation is 1ps
Compiling package std.standard
Compiling package std.textio
Compiling package ieee.std_logic_1164
Compiling package ieee.std_logic_arith
Compiling package ieee.std_logic_unsigned
Compiling package ieee.numeric_std
Compiling architecture behavioral of entity xil_defaultlib.SevenSegDecoder [sevensegdecoder_default]
Compiling architecture behavioral of entity xil_defaultlib.BCD [bcd_default]
Compiling architecture behavioral of entity xil_defaultlib.top [top_default]
Compiling architecture behavioral of entity xil_defaultlib.sim
Built simulation snapshot sim_behav

****** Webtalk v2020.2 (64-bit)
  **** SW Build 3064766 on Wed Nov 18 09:12:45 MST 2020
  **** IP Build 3064653 on Wed Nov 18 14:17:31 MST 2020
    ** Copyright 1986-2020 Xilinx, Inc. All Rights Reserved.

source C:/Users/china/Documents/GitHub/ECE4304_SPRING_2021_GROUP_E/Lab3_24_Feb_2021/Lab3_24_Feb_2021.sim/sim_1/behav/xsim/xsim.dir/sim_behav/webtalk/xsim_webtalk.tcl -notrace
INFO: [Common 17-186] 'C:/Users/china/Documents/GitHub/ECE4304_SPRING_2021_GROUP_E/Lab3_24_Feb_2021/Lab3_24_Feb_2021.sim/sim_1/behav/xsim/xsim.dir/sim_behav/webtalk/usage_statistics_ext_xsim.xml' has been successfully sent to Xilinx on Mon Feb 22 21:48:18 2021. For additional details about this file, please refer to the WebTalk help file at E:/Vivado/2020.2/doc/webtalk_introduction.html.
INFO: [Common 17-206] Exiting Webtalk at Mon Feb 22 21:48:18 2021...
run_program: Time (s): cpu = 00:00:00 ; elapsed = 00:00:05 . Memory (MB): peak = 2493.566 ; gain = 0.000
INFO: [USF-XSim-69] 'elaborate' step finished in '6' seconds
INFO: [USF-XSim-4] XSim::Simulate design
INFO: [USF-XSim-61] Executing 'SIMULATE' step in 'C:/Users/china/Documents/GitHub/ECE4304_SPRING_2021_GROUP_E/Lab3_24_Feb_2021/Lab3_24_Feb_2021.sim/sim_1/behav/xsim'
INFO: [USF-XSim-98] *** Running xsim
   with args "sim_behav -key {Behavioral:sim_1:Functional:sim} -tclbatch {sim.tcl} -log {simulate.log}"
INFO: [USF-XSim-8] Loading simulator feature
Vivado Simulator 2020.2
Time resolution is 1 ps
source sim.tcl
# set curr_wave [current_wave_config]
# if { [string length $curr_wave] == 0 } {
#   if { [llength [get_objects]] > 0} {
#     add_wave /
#     set_property needs_save false [current_wave_config]
#   } else {
#      send_msg_id Add_Wave-1 WARNING "No top level signals found. Simulator will start without a wave window. If you want to open a wave window go to 'File->New Waveform Configuration' or type 'create_wave_config' in the TCL console."
#   }
# }
# run 1000ns
INFO: [USF-XSim-96] XSim completed. Design snapshot 'sim_behav' loaded.
INFO: [USF-XSim-97] XSim simulation ran for 1000ns
launch_simulation: Time (s): cpu = 00:00:04 ; elapsed = 00:00:11 . Memory (MB): peak = 2505.938 ; gain = 12.371
reset_run synth_1
WARNING: [Vivado 12-1017] Problems encountered:
1. Failed to delete one or more files in run directory C:/Users/china/Documents/GitHub/ECE4304_SPRING_2021_GROUP_E/Lab3_24_Feb_2021/Lab3_24_Feb_2021.runs/synth_1

launch_runs impl_1 -jobs 4
[Mon Feb 22 22:51:49 2021] Launched synth_1...
Run output will be captured here: C:/Users/china/Documents/GitHub/ECE4304_SPRING_2021_GROUP_E/Lab3_24_Feb_2021/Lab3_24_Feb_2021.runs/synth_1/runme.log
[Mon Feb 22 22:51:49 2021] Launched impl_1...
Run output will be captured here: C:/Users/china/Documents/GitHub/ECE4304_SPRING_2021_GROUP_E/Lab3_24_Feb_2021/Lab3_24_Feb_2021.runs/impl_1/runme.log
open_run impl_1
INFO: [Device 21-403] Loading part xc7a100tcsg324-3
Netlist sorting complete. Time (s): cpu = 00:00:00 ; elapsed = 00:00:00 . Memory (MB): peak = 2803.441 ; gain = 0.000
INFO: [Netlist 29-17] Analyzing 3 Unisim elements for replacement
INFO: [Netlist 29-28] Unisim Transformation completed in 0 CPU seconds
INFO: [Project 1-479] Netlist was created with Vivado 2020.2
INFO: [Project 1-570] Preparing netlist for logic optimization
INFO: [Timing 38-478] Restoring timing data from binary archive.
INFO: [Timing 38-479] Binary timing data restore complete.
INFO: [Project 1-856] Restoring constraints from binary archive.
INFO: [Project 1-853] Binary constraint restore complete.
Reading XDEF placement.
Reading placer database...
Reading XDEF routing.
Read XDEF File: Time (s): cpu = 00:00:00 ; elapsed = 00:00:00.033 . Memory (MB): peak = 3490.047 ; gain = 0.000
Restored from archive | CPU: 0.000000 secs | Memory: 0.000000 MB |
Finished XDEF File Restore: Time (s): cpu = 00:00:00 ; elapsed = 00:00:00.034 . Memory (MB): peak = 3490.047 ; gain = 0.000
Netlist sorting complete. Time (s): cpu = 00:00:00 ; elapsed = 00:00:00 . Memory (MB): peak = 3490.047 ; gain = 0.000
INFO: [Project 1-111] Unisim Transformation Summary:
No Unisim elements were transformed.

open_run: Time (s): cpu = 00:00:28 ; elapsed = 00:00:26 . Memory (MB): peak = 3615.340 ; gain = 1106.910
close_design
synth_design -rtl -rtl_skip_mlo -name rtl_1
Command: synth_design -rtl -rtl_skip_mlo -name rtl_1
Starting synth_design
Using part: xc7a100tcsg324-3
Top: top
---------------------------------------------------------------------------------
Starting RTL Elaboration : Time (s): cpu = 00:00:04 ; elapsed = 00:00:04 . Memory (MB): peak = 3631.566 ; gain = 0.000
---------------------------------------------------------------------------------
INFO: [Synth 8-638] synthesizing module 'top' [C:/Users/china/Documents/GitHub/ECE4304_SPRING_2021_GROUP_E/Lab3_24_Feb_2021/Lab3_24_Feb_2021.srcs/sources_1/new/top.vhd:49]
INFO: [Synth 8-3491] module 'SevenSegDecoder' declared at 'C:/Users/china/Documents/GitHub/ECE4304_SPRING_2021_GROUP_E/Lab3_24_Feb_2021/Lab3_24_Feb_2021.srcs/sources_1/new/SevenSegDecoder.vhd:36' bound to instance 'BOTTOM' of component 'SevenSegDecoder' [C:/Users/china/Documents/GitHub/ECE4304_SPRING_2021_GROUP_E/Lab3_24_Feb_2021/Lab3_24_Feb_2021.srcs/sources_1/new/top.vhd:83]
INFO: [Synth 8-638] synthesizing module 'SevenSegDecoder' [C:/Users/china/Documents/GitHub/ECE4304_SPRING_2021_GROUP_E/Lab3_24_Feb_2021/Lab3_24_Feb_2021.srcs/sources_1/new/SevenSegDecoder.vhd:50]
INFO: [Synth 8-226] default block is never used [C:/Users/china/Documents/GitHub/ECE4304_SPRING_2021_GROUP_E/Lab3_24_Feb_2021/Lab3_24_Feb_2021.srcs/sources_1/new/SevenSegDecoder.vhd:76]
INFO: [Synth 8-256] done synthesizing module 'SevenSegDecoder' (1#1) [C:/Users/china/Documents/GitHub/ECE4304_SPRING_2021_GROUP_E/Lab3_24_Feb_2021/Lab3_24_Feb_2021.srcs/sources_1/new/SevenSegDecoder.vhd:50]
INFO: [Synth 8-3491] module 'BCD' declared at 'C:/Users/china/Documents/GitHub/ECE4304_SPRING_2021_GROUP_E/Lab3_24_Feb_2021/Lab3_24_Feb_2021.srcs/sources_1/new/BCD.vhd:35' bound to instance 'MIDDLe' of component 'BCD' [C:/Users/china/Documents/GitHub/ECE4304_SPRING_2021_GROUP_E/Lab3_24_Feb_2021/Lab3_24_Feb_2021.srcs/sources_1/new/top.vhd:95]
INFO: [Synth 8-638] synthesizing module 'BCD' [C:/Users/china/Documents/GitHub/ECE4304_SPRING_2021_GROUP_E/Lab3_24_Feb_2021/Lab3_24_Feb_2021.srcs/sources_1/new/BCD.vhd:45]
	Parameter length bound to: 4 - type: integer 
INFO: [Synth 8-256] done synthesizing module 'BCD' (2#1) [C:/Users/china/Documents/GitHub/ECE4304_SPRING_2021_GROUP_E/Lab3_24_Feb_2021/Lab3_24_Feb_2021.srcs/sources_1/new/BCD.vhd:45]
INFO: [Synth 8-256] done synthesizing module 'top' (3#1) [C:/Users/china/Documents/GitHub/ECE4304_SPRING_2021_GROUP_E/Lab3_24_Feb_2021/Lab3_24_Feb_2021.srcs/sources_1/new/top.vhd:49]
---------------------------------------------------------------------------------
Finished RTL Elaboration : Time (s): cpu = 00:00:05 ; elapsed = 00:00:05 . Memory (MB): peak = 3631.566 ; gain = 0.000
---------------------------------------------------------------------------------
---------------------------------------------------------------------------------
Start Handling Custom Attributes
---------------------------------------------------------------------------------
---------------------------------------------------------------------------------
Finished Handling Custom Attributes : Time (s): cpu = 00:00:05 ; elapsed = 00:00:05 . Memory (MB): peak = 3647.641 ; gain = 16.074
---------------------------------------------------------------------------------
---------------------------------------------------------------------------------
Finished RTL Optimization Phase 1 : Time (s): cpu = 00:00:05 ; elapsed = 00:00:05 . Memory (MB): peak = 3647.641 ; gain = 16.074
---------------------------------------------------------------------------------
Netlist sorting complete. Time (s): cpu = 00:00:00 ; elapsed = 00:00:00.001 . Memory (MB): peak = 3647.641 ; gain = 0.000
INFO: [Project 1-570] Preparing netlist for logic optimization

Processing XDC Constraints
Initializing timing engine
Parsing XDC File [C:/Users/china/Documents/GitHub/ECE4304_SPRING_2021_GROUP_E/Lab3_24_Feb_2021/Lab3_24_Feb_2021.srcs/constrs_1/imports/ECE4304_SPRING_2021_GROUP_E/Nexys A7-100T.xdc]
Finished Parsing XDC File [C:/Users/china/Documents/GitHub/ECE4304_SPRING_2021_GROUP_E/Lab3_24_Feb_2021/Lab3_24_Feb_2021.srcs/constrs_1/imports/ECE4304_SPRING_2021_GROUP_E/Nexys A7-100T.xdc]
Completed Processing XDC Constraints

Netlist sorting complete. Time (s): cpu = 00:00:00 ; elapsed = 00:00:00 . Memory (MB): peak = 3728.422 ; gain = 0.000
INFO: [Project 1-111] Unisim Transformation Summary:
No Unisim elements were transformed.

RTL Elaboration Complete:  : Time (s): cpu = 00:00:15 ; elapsed = 00:00:10 . Memory (MB): peak = 3787.109 ; gain = 155.543
11 Infos, 0 Warnings, 0 Critical Warnings and 0 Errors encountered.
synth_design completed successfully
synth_design: Time (s): cpu = 00:00:15 ; elapsed = 00:00:10 . Memory (MB): peak = 3787.109 ; gain = 155.543
close_sim
INFO: [Simtcl 6-16] Simulation closed
exit
INFO: [Common 17-206] Exiting Vivado at Mon Feb 22 23:06:28 2021...
>>>>>>> c16cd3095557403419136c1db9f243b40b27b801
